This is pdfTeX, Version 3.141592653-2.6-1.40.27 (MiKTeX 25.3) (preloaded format=pdflatex 2025.9.25)  25 SEP 2025 16:17
entering extended mode
 restricted \write18 enabled.
 %&-line parsing enabled.
**./tfg.tex
(tfg.tex
LaTeX2e <2024-11-01> patch level 2
L3 programming layer <2025-01-18>
(C:\Users\Matias\AppData\Local\Programs\MiKTeX\tex/latex/base\book.cls
Document Class: book 2024/06/29 v1.4n Standard LaTeX document class
(C:\Users\Matias\AppData\Local\Programs\MiKTeX\tex/latex/base\bk12.clo
File: bk12.clo 2024/06/29 v1.4n Standard LaTeX file (size option)
)
\c@part=\count196
\c@chapter=\count197
\c@section=\count198
\c@subsection=\count199
\c@subsubsection=\count266
\c@paragraph=\count267
\c@subparagraph=\count268
\c@figure=\count269
\c@table=\count270
\abovecaptionskip=\skip49
\belowcaptionskip=\skip50
\bibindent=\dimen141
)
(C:\Users\Matias\AppData\Local\Programs\MiKTeX\tex/latex/base\inputenc.sty
Package: inputenc 2024/02/08 v1.3d Input encoding file
\inpenc@prehook=\toks17
\inpenc@posthook=\toks18
)
(C:\Users\Matias\AppData\Local\Programs\MiKTeX\tex/latex/tools\tabularx.sty
Package: tabularx 2023/12/11 v2.12a `tabularx' package (DPC)

(C:\Users\Matias\AppData\Local\Programs\MiKTeX\tex/latex/tools\array.sty
Package: array 2024/10/17 v2.6g Tabular extension package (FMi)
\col@sep=\dimen142
\ar@mcellbox=\box52
\extrarowheight=\dimen143
\NC@list=\toks19
\extratabsurround=\skip51
\backup@length=\skip52
\ar@cellbox=\box53
)
\TX@col@width=\dimen144
\TX@old@table=\dimen145
\TX@old@col=\dimen146
\TX@target=\dimen147
\TX@delta=\dimen148
\TX@cols=\count271
\TX@ftn=\toks20
)
(C:\Users\Matias\AppData\Local\Programs\MiKTeX\tex/latex/amsmath\amsmath.sty
Package: amsmath 2024/11/05 v2.17t AMS math features
\@mathmargin=\skip53

For additional information on amsmath, use the `?' option.
(C:\Users\Matias\AppData\Local\Programs\MiKTeX\tex/latex/amsmath\amstext.sty
Package: amstext 2021/08/26 v2.01 AMS text

(C:\Users\Matias\AppData\Local\Programs\MiKTeX\tex/latex/amsmath\amsgen.sty
File: amsgen.sty 1999/11/30 v2.0 generic functions
\@emptytoks=\toks21
\ex@=\dimen149
))
(C:\Users\Matias\AppData\Local\Programs\MiKTeX\tex/latex/amsmath\amsbsy.sty
Package: amsbsy 1999/11/29 v1.2d Bold Symbols
\pmbraise@=\dimen150
)
(C:\Users\Matias\AppData\Local\Programs\MiKTeX\tex/latex/amsmath\amsopn.sty
Package: amsopn 2022/04/08 v2.04 operator names
)
\inf@bad=\count272
LaTeX Info: Redefining \frac on input line 233.
\uproot@=\count273
\leftroot@=\count274
LaTeX Info: Redefining \overline on input line 398.
LaTeX Info: Redefining \colon on input line 409.
\classnum@=\count275
\DOTSCASE@=\count276
LaTeX Info: Redefining \ldots on input line 495.
LaTeX Info: Redefining \dots on input line 498.
LaTeX Info: Redefining \cdots on input line 619.
\Mathstrutbox@=\box54
\strutbox@=\box55
LaTeX Info: Redefining \big on input line 721.
LaTeX Info: Redefining \Big on input line 722.
LaTeX Info: Redefining \bigg on input line 723.
LaTeX Info: Redefining \Bigg on input line 724.
\big@size=\dimen151
LaTeX Font Info:    Redeclaring font encoding OML on input line 742.
LaTeX Font Info:    Redeclaring font encoding OMS on input line 743.
\macc@depth=\count277
LaTeX Info: Redefining \bmod on input line 904.
LaTeX Info: Redefining \pmod on input line 909.
LaTeX Info: Redefining \smash on input line 939.
LaTeX Info: Redefining \relbar on input line 969.
LaTeX Info: Redefining \Relbar on input line 970.
\c@MaxMatrixCols=\count278
\dotsspace@=\muskip17
\c@parentequation=\count279
\dspbrk@lvl=\count280
\tag@help=\toks22
\row@=\count281
\column@=\count282
\maxfields@=\count283
\andhelp@=\toks23
\eqnshift@=\dimen152
\alignsep@=\dimen153
\tagshift@=\dimen154
\tagwidth@=\dimen155
\totwidth@=\dimen156
\lineht@=\dimen157
\@envbody=\toks24
\multlinegap=\skip54
\multlinetaggap=\skip55
\mathdisplay@stack=\toks25
LaTeX Info: Redefining \[ on input line 2953.
LaTeX Info: Redefining \] on input line 2954.
)
(C:\Users\Matias\AppData\Local\Programs\MiKTeX\tex/latex/amsfonts\amsfonts.sty
Package: amsfonts 2013/01/14 v3.01 Basic AMSFonts support
\symAMSa=\mathgroup4
\symAMSb=\mathgroup5
LaTeX Font Info:    Redeclaring math symbol \hbar on input line 98.
LaTeX Font Info:    Overwriting math alphabet `\mathfrak' in version `bold'
(Font)                  U/euf/m/n --> U/euf/b/n on input line 106.
) (C:\Users\Matias\AppData\Local\Programs\MiKTeX\tex/latex/amsfonts\amssymb.sty
Package: amssymb 2013/01/14 v3.01 AMS font symbols
) (C:\Users\Matias\AppData\Local\Programs\MiKTeX\tex/generic/babel\babel.sty
Package: babel 2025/02/14 v25.4 The multilingual framework for pdfLaTeX, LuaLaT
eX and XeLaTeX
\babel@savecnt=\count284
\U@D=\dimen158
\l@unhyphenated=\language79

(C:\Users\Matias\AppData\Local\Programs\MiKTeX\tex/generic/babel\txtbabel.def)
\bbl@readstream=\read2
\bbl@dirlevel=\count285

*************************************
* Local config file bblopts.cfg used
*
(C:\Users\Matias\AppData\Local\Programs\MiKTeX\tex/latex/arabi\bblopts.cfg
File: bblopts.cfg 2005/09/08 v0.1 add Arabic and Farsi to "declared" options of
 babel
)
(C:\Users\Matias\AppData\Local\Programs\MiKTeX\tex/latex/babel-spanish\spanish.
ldf
Language: spanish.ldf 2021/05/27 v5.0q Spanish support from the babel system
\es@quottoks=\toks26
\es@quotdepth=\count286
Package babel Info: Making " an active character on input line 570.
Package babel Info: Making . an active character on input line 675.
Package babel Info: Making < an active character on input line 722.
Package babel Info: Making > an active character on input line 722.
))
(C:\Users\Matias\AppData\Local\Programs\MiKTeX\tex/generic/babel/locale/es\babe
l-spanish.tex
Package babel Info: Importing font and identification data for spanish
(babel)             from babel-es.ini. Reported on input line 11.
)
(C:\Users\Matias\AppData\Local\Programs\MiKTeX\tex/latex/graphics\graphicx.sty
Package: graphicx 2021/09/16 v1.2d Enhanced LaTeX Graphics (DPC,SPQR)

(C:\Users\Matias\AppData\Local\Programs\MiKTeX\tex/latex/graphics\keyval.sty
Package: keyval 2022/05/29 v1.15 key=value parser (DPC)
\KV@toks@=\toks27
)
(C:\Users\Matias\AppData\Local\Programs\MiKTeX\tex/latex/graphics\graphics.sty
Package: graphics 2024/08/06 v1.4g Standard LaTeX Graphics (DPC,SPQR)

(C:\Users\Matias\AppData\Local\Programs\MiKTeX\tex/latex/graphics\trig.sty
Package: trig 2023/12/02 v1.11 sin cos tan (DPC)
)
(C:\Users\Matias\AppData\Local\Programs\MiKTeX\tex/latex/graphics-cfg\graphics.
cfg
File: graphics.cfg 2016/06/04 v1.11 sample graphics configuration
)
Package graphics Info: Driver file: pdftex.def on input line 106.

(C:\Users\Matias\AppData\Local\Programs\MiKTeX\tex/latex/graphics-def\pdftex.de
f
File: pdftex.def 2024/04/13 v1.2c Graphics/color driver for pdftex
))
\Gin@req@height=\dimen159
\Gin@req@width=\dimen160
)
(C:\Users\Matias\AppData\Local\Programs\MiKTeX\tex/latex/wrapfig\wrapfig.sty
\wrapoverhang=\dimen161
\WF@size=\dimen162
\c@WF@wrappedlines=\count287
\WF@box=\box56
\WF@everypar=\toks28
Package: wrapfig 2003/01/31  v 3.6
)
(C:\Users\Matias\AppData\Local\Programs\MiKTeX\tex/latex/fancyhdr\fancyhdr.sty
Package: fancyhdr 2025/02/07 v5.2 Extensive control of page headers and footers

\f@nch@headwidth=\skip56
\f@nch@offset@elh=\skip57
\f@nch@offset@erh=\skip58
\f@nch@offset@olh=\skip59
\f@nch@offset@orh=\skip60
\f@nch@offset@elf=\skip61
\f@nch@offset@erf=\skip62
\f@nch@offset@olf=\skip63
\f@nch@offset@orf=\skip64
\f@nch@height=\skip65
\f@nch@footalignment=\skip66
\f@nch@widthL=\skip67
\f@nch@widthC=\skip68
\f@nch@widthR=\skip69
\@temptokenb=\toks29
) (C:\Users\Matias\AppData\Local\Programs\MiKTeX\tex/latex/hyperref\hyperref.st
y
Package: hyperref 2024-11-05 v7.01l Hypertext links for LaTeX
(C:\Users\Matias\AppData\Local\Programs\MiKTeX\tex/generic/iftex\iftex.sty
Package: iftex 2024/12/12 v1.0g TeX engine tests
)
(C:\Users\Matias\AppData\Local\Programs\MiKTeX\tex/latex/kvsetkeys\kvsetkeys.st
y
Package: kvsetkeys 2022-10-05 v1.19 Key value parser (HO)
)
(C:\Users\Matias\AppData\Local\Programs\MiKTeX\tex/generic/kvdefinekeys\kvdefin
ekeys.sty
Package: kvdefinekeys 2019-12-19 v1.6 Define keys (HO)
)
(C:\Users\Matias\AppData\Local\Programs\MiKTeX\tex/generic/pdfescape\pdfescape.
sty
Package: pdfescape 2019/12/09 v1.15 Implements pdfTeX's escape features (HO)

(C:\Users\Matias\AppData\Local\Programs\MiKTeX\tex/generic/ltxcmds\ltxcmds.sty
Package: ltxcmds 2023-12-04 v1.26 LaTeX kernel commands for general use (HO)
)
(C:\Users\Matias\AppData\Local\Programs\MiKTeX\tex/generic/pdftexcmds\pdftexcmd
s.sty
Package: pdftexcmds 2020-06-27 v0.33 Utility functions of pdfTeX for LuaTeX (HO
)

(C:\Users\Matias\AppData\Local\Programs\MiKTeX\tex/generic/infwarerr\infwarerr.
sty
Package: infwarerr 2019/12/03 v1.5 Providing info/warning/error messages (HO)
)
Package pdftexcmds Info: \pdf@primitive is available.
Package pdftexcmds Info: \pdf@ifprimitive is available.
Package pdftexcmds Info: \pdfdraftmode found.
))
(C:\Users\Matias\AppData\Local\Programs\MiKTeX\tex/latex/hycolor\hycolor.sty
Package: hycolor 2020-01-27 v1.10 Color options for hyperref/bookmark (HO)
)
(C:\Users\Matias\AppData\Local\Programs\MiKTeX\tex/latex/hyperref\nameref.sty
Package: nameref 2023-11-26 v2.56 Cross-referencing by name of section

(C:\Users\Matias\AppData\Local\Programs\MiKTeX\tex/latex/refcount\refcount.sty
Package: refcount 2019/12/15 v3.6 Data extraction from label references (HO)
)
(C:\Users\Matias\AppData\Local\Programs\MiKTeX\tex/generic/gettitlestring\getti
tlestring.sty
Package: gettitlestring 2019/12/15 v1.6 Cleanup title references (HO)

(C:\Users\Matias\AppData\Local\Programs\MiKTeX\tex/latex/kvoptions\kvoptions.st
y
Package: kvoptions 2022-06-15 v3.15 Key value format for package options (HO)
))
\c@section@level=\count288
)
(C:\Users\Matias\AppData\Local\Programs\MiKTeX\tex/latex/etoolbox\etoolbox.sty
Package: etoolbox 2025/02/11 v2.5l e-TeX tools for LaTeX (JAW)
\etb@tempcnta=\count289
)
(C:\Users\Matias\AppData\Local\Programs\MiKTeX\tex/generic/stringenc\stringenc.
sty
Package: stringenc 2019/11/29 v1.12 Convert strings between diff. encodings (HO
)
)
\@linkdim=\dimen163
\Hy@linkcounter=\count290
\Hy@pagecounter=\count291

(C:\Users\Matias\AppData\Local\Programs\MiKTeX\tex/latex/hyperref\pd1enc.def
File: pd1enc.def 2024-11-05 v7.01l Hyperref: PDFDocEncoding definition (HO)
Now handling font encoding PD1 ...
... no UTF-8 mapping file for font encoding PD1
)
(C:\Users\Matias\AppData\Local\Programs\MiKTeX\tex/generic/intcalc\intcalc.sty
Package: intcalc 2019/12/15 v1.3 Expandable calculations with integers (HO)
)
\Hy@SavedSpaceFactor=\count292
(C:\Users\Matias\AppData\Local\Programs\MiKTeX\tex/latex/hyperref\puenc.def
File: puenc.def 2024-11-05 v7.01l Hyperref: PDF Unicode definition (HO)
Now handling font encoding PU ...
... no UTF-8 mapping file for font encoding PU
)
Package hyperref Info: Hyper figures OFF on input line 4157.
Package hyperref Info: Link nesting OFF on input line 4162.
Package hyperref Info: Hyper index ON on input line 4165.
Package hyperref Info: Plain pages OFF on input line 4172.
Package hyperref Info: Backreferencing OFF on input line 4177.
Package hyperref Info: Implicit mode ON; LaTeX internals redefined.
Package hyperref Info: Bookmarks ON on input line 4424.
\c@Hy@tempcnt=\count293

(C:\Users\Matias\AppData\Local\Programs\MiKTeX\tex/latex/url\url.sty
\Urlmuskip=\muskip18
Package: url 2013/09/16  ver 3.4  Verb mode for urls, etc.
)
LaTeX Info: Redefining \url on input line 4763.
\XeTeXLinkMargin=\dimen164

(C:\Users\Matias\AppData\Local\Programs\MiKTeX\tex/generic/bitset\bitset.sty
Package: bitset 2019/12/09 v1.3 Handle bit-vector datatype (HO)

(C:\Users\Matias\AppData\Local\Programs\MiKTeX\tex/generic/bigintcalc\bigintcal
c.sty
Package: bigintcalc 2019/12/15 v1.5 Expandable calculations on big integers (HO
)
))
\Fld@menulength=\count294
\Field@Width=\dimen165
\Fld@charsize=\dimen166
Package hyperref Info: Hyper figures OFF on input line 6042.
Package hyperref Info: Link nesting OFF on input line 6047.
Package hyperref Info: Hyper index ON on input line 6050.
Package hyperref Info: backreferencing OFF on input line 6057.
Package hyperref Info: Link coloring OFF on input line 6062.
Package hyperref Info: Link coloring with OCG OFF on input line 6067.
Package hyperref Info: PDF/A mode OFF on input line 6072.

(C:\Users\Matias\AppData\Local\Programs\MiKTeX\tex/latex/base\atbegshi-ltx.sty
Package: atbegshi-ltx 2021/01/10 v1.0c Emulation of the original atbegshi
package with kernel methods
)
\Hy@abspage=\count295
\c@Item=\count296
\c@Hfootnote=\count297
)
Package hyperref Info: Driver (autodetected): hpdftex.
 (C:\Users\Matias\AppData\Local\Programs\MiKTeX\tex/latex/hyperref\hpdftex.def
File: hpdftex.def 2024-11-05 v7.01l Hyperref driver for pdfTeX

(C:\Users\Matias\AppData\Local\Programs\MiKTeX\tex/latex/base\atveryend-ltx.sty
Package: atveryend-ltx 2020/08/19 v1.0a Emulation of the original atveryend pac
kage
with kernel methods
)
\Fld@listcount=\count298
\c@bookmark@seq@number=\count299

(C:\Users\Matias\AppData\Local\Programs\MiKTeX\tex/latex/rerunfilecheck\rerunfi
lecheck.sty
Package: rerunfilecheck 2025-06-21 v1.11 Rerun checks for auxiliary files (HO)

(C:\Users\Matias\AppData\Local\Programs\MiKTeX\tex/generic/uniquecounter\unique
counter.sty
Package: uniquecounter 2019/12/15 v1.4 Provide unlimited unique counter (HO)
)
Package uniquecounter Info: New unique counter `rerunfilecheck' on input line 2
84.
)
\Hy@SectionHShift=\skip70
)
(C:\Users\Matias\AppData\Local\Programs\MiKTeX\tex/latex/datatool\datatool.sty
Package: datatool 2025/04/25 v3.4.1 (NLCT)

(C:\Users\Matias\AppData\Local\Programs\MiKTeX\tex/latex/base\ifthen.sty
Package: ifthen 2024/03/16 v1.1e Standard LaTeX ifthen package (DPC)
)
(C:\Users\Matias\AppData\Local\Programs\MiKTeX\tex/latex/xfor\xfor.sty
Package: xfor 2009/02/05 v1.05 (NLCT)
)
(C:\Users\Matias\AppData\Local\Programs\MiKTeX\tex/latex/tracklang\tracklang.st
y
Package: tracklang 2025/03/11 v1.6.6 (NLCT) Track Languages

(C:\Users\Matias\AppData\Local\Programs\MiKTeX\tex/generic/tracklang\tracklang.
tex)
Package tracklang Info: Tracking dialect `spanish' (language `spanish') on inpu
t line 264.
Package tracklang Info: Tracking dialect `spanish' (language `spanish') on inpu
t line 264.
)
(C:\Users\Matias\AppData\Local\Programs\MiKTeX\tex/latex/datatool\datatool-base
.sty
Package: datatool-base 2025/04/25 v3.4.1 (NLCT)

(C:\Users\Matias\AppData\Local\Programs\MiKTeX\tex/latex/datatool\datatool-l3fp
.def
File: datatool-l3fp.def 2025/04/25 v3.4.1 (NLCT)
)
\@dtl@toks=\toks30
\@dtl@tmpcount=\count300
\dtl@tmplength=\skip71
\l__datatool_measure_box=\box57
\dtl@sortresult=\count301

(C:\Users\Matias\AppData\Local\Programs\MiKTeX\tex/latex/datatool\datatool-utf8
.ldf
File: datatool-utf8.ldf 2025/04/25 v3.4.1 (NLCT)
)
\@dtl@datatype=\count302
\l__datatool_tmpa_int=\count303
\l__datatool_tmpb_int=\count304
\l__datatool_tmpc_int=\count305
\l__datatool_tmpd_int=\count306
\l__datatool_count_int=\count307
\l__datatool_tmp_datatype_int=\count308
\l__datatool_tmpa_dim=\dimen167
\l__datatool_tmpb_dim=\dimen168
\c_datatool_unknown_int=\count309
\l__datatool_year_int=\count310
\l__datatool_month_int=\count311
\l__datatool_day_int=\count312
\l__datatool_hour_int=\count313
\l__datatool_minute_int=\count314
\l__datatool_second_int=\count315
\l__datatool_tzhour_int=\count316
\l__datatool_tzminute_int=\count317
\l__datatool_julian_int=\count318
\l__datatool_local_julian_int=\count319
\l__datatool_prefix_int=\count320
\l__datatool_suffix_int=\count321
\@dtl@foreach@level=\count322


Package tracklang Warning: No `datatool' support for dialect `spanish'  on inpu
t line 9908.

\dtl@codeA=\count323
\dtl@codeB=\count324
)
\l__datatool_max_cols_int=\count325
\l__datatool_col_idx_int=\count326
\l__datatool_row_idx_int=\count327
\l__datatool_item_type_int=\count328
\l__datatool_action_column_int=\count329
\l__datatool_action_column_ii_int=\count330
\l__datatool_action_row_int=\count331
\l__datatool_action_row_ii_int=\count332
\l__datatool_action_type_int=\count333
\l__datatool_action_datum_round_int=\count334
\dtlcolumnnum=\count335
\dtlrownum=\count336
\@dtl@before=\toks31
\@dtl@after=\toks32
\@dtl@colhead=\toks33
\dtlcurrentrow=\toks34
\dtlbeforerow=\toks35
\dtlafterrow=\toks36
\l__datatool_map_data_max_cols_int=\count337
\l__datatool_map_data_edit_column_int=\count338
\dtlforeachlevel=\count339
\c@DTLrow=\count340
\c@DTLrowi=\count341
\c@DTLrowii=\count342
\c@DTLrowiii=\count343
\dtl@rowi=\count344
\dtl@rowii=\count345
\dtl@rowiii=\count346
\g__filtered_row_i_int=\count347
\g__filtered_row_ii_int=\count348
\g__filtered_row_iii_int=\count349
\@dtl@curi=\toks37
\@dtl@previ=\toks38
\@dtl@nexti=\toks39
\@dtl@curii=\toks40
\@dtl@previi=\toks41
\@dtl@nextii=\toks42
\@dtl@curiii=\toks43
\@dtl@previii=\toks44
\@dtl@nextiii=\toks45
\l_datatool_display_per_row_int=\count350
\l_datatool_display_tab_rows_int=\count351
\@dtl@toksA=\toks46
\@dtl@toksB=\toks47
\@dtl@elements=\count352
\__datatool_sort_data_sortcol_int=\count353
\__datatool_sort_data_grpcol_int=\count354
\dtl@omitlines=\count355
\l__datatool_line_int=\count356
)
(C:\Users\Matias\AppData\Local\Programs\MiKTeX\tex/latex/glossaries/base\glossa
ries.sty
Package: glossaries 2025/08/11 v4.8 (NLCT)

(C:\Users\Matias\AppData\Local\Programs\MiKTeX\tex/latex/xkeyval\xkeyval.sty
Package: xkeyval 2022/06/16 v2.9 package option processing (HA)

(C:\Users\Matias\AppData\Local\Programs\MiKTeX\tex/generic/xkeyval\xkeyval.tex
(C:\Users\Matias\AppData\Local\Programs\MiKTeX\tex/generic/xkeyval\xkvutils.tex
\XKV@toks=\toks48
\XKV@tempa@toks=\toks49
)
\XKV@depth=\count357
File: xkeyval.tex 2014/12/03 v2.7a key=value parser (HA)
))
(C:\Users\Matias\AppData\Local\Programs\MiKTeX\tex/latex/mfirstuc\mfirstuc.sty
Package: mfirstuc 2025/04/03 v2.09 (NLCT)
\@glsmfirst=\toks50
\@glsmrest=\toks51
)
(C:\Users\Matias\AppData\Local\Programs\MiKTeX\tex/latex/translator\translator.
sty
Package: translator 2021-05-31 v1.12d Easy translation of strings in LaTeX
)
(C:\Users\Matias\AppData\Local\Programs\MiKTeX\tex/latex/glossaries-spanish\glo
ssaries-spanish.ldf
File: glossaries-spanish.ldf 2014/11/23 v1.0

(C:\Users\Matias\AppData\Local\Programs\MiKTeX\tex/latex/glossaries-spanish\glo
ssaries-spanish-utf8.ldf))
\gls@level=\count358
\@gls@tmpb=\toks52
\gls@tmplen=\skip72
\l__glossaries_tmpa_dim=\dimen169
\l__glossaries_tmpb_dim=\dimen170
\glskeylisttok=\toks53
\glslabeltok=\toks54
\glsshorttok=\toks55
\glslongtok=\toks56

(C:\Users\Matias\AppData\Local\Programs\MiKTeX\tex/latex/glossaries/styles\glos
sary-hypernav.sty
Package: glossary-hypernav 2025/08/11 v4.8 (NLCT)
)
(C:\Users\Matias\AppData\Local\Programs\MiKTeX\tex/latex/glossaries/styles\glos
sary-list.sty
Package: glossary-list 2025/08/11 v4.8 (NLCT)
\glslistdottedwidth=\skip73
)
(C:\Users\Matias\AppData\Local\Programs\MiKTeX\tex/latex/glossaries/styles\glos
sary-long.sty
Package: glossary-long 2025/08/11 v4.8 (NLCT)

(C:\Users\Matias\AppData\Local\Programs\MiKTeX\tex/latex/tools\longtable.sty
Package: longtable 2024-10-27 v4.22 Multi-page Table package (DPC)
\LTleft=\skip74
\LTright=\skip75
\LTpre=\skip76
\LTpost=\skip77
\LTchunksize=\count359
\LTcapwidth=\dimen171
\LT@head=\box58
\LT@firsthead=\box59
\LT@foot=\box60
\LT@lastfoot=\box61
\LT@gbox=\box62
\LT@cols=\count360
\LT@rows=\count361
\c@LT@tables=\count362
\c@LT@chunks=\count363
\LT@p@ftn=\toks57
)
\glsdescwidth=\skip78
\glspagelistwidth=\skip79
)
(C:\Users\Matias\AppData\Local\Programs\MiKTeX\tex/latex/glossaries/styles\glos
sary-super.sty
Package: glossary-super 2025/08/11 v4.8 (NLCT)

(C:\Users\Matias\AppData\Local\Programs\MiKTeX\tex/latex/supertabular\supertabu
lar.sty
Package: supertabular 2024/07/20 v4.2c the supertabular environment
\c@tracingst=\count364
\ST@wd=\dimen172
\ST@rightskip=\skip80
\ST@leftskip=\skip81
\ST@parfillskip=\skip82
\ST@pageleft=\dimen173
\ST@headht=\dimen174
\ST@tailht=\dimen175
\ST@pagesofar=\dimen176
\ST@pboxht=\dimen177
\ST@rowht=\dimen178
\ST@prevht=\dimen179
\ST@toadd=\dimen180
\ST@dimen=\dimen181
\ST@pbox=\box63
))
(C:\Users\Matias\AppData\Local\Programs\MiKTeX\tex/latex/glossaries/styles\glos
sary-tree.sty
Package: glossary-tree 2025/08/11 v4.8 (NLCT)
\l__glossaries_tree_max_known_level_int=\count365
\l__glossaries_tree_offset_dim=\dimen182
\l__glossaries_tree_namewidth_dim=\dimen183
\l__glossaries_tree_symbolwidth_dim=\dimen184
\l__glossaries_tree_prenamesym_width_dim=\dimen185
\l__glossaries_tree_presubnamesym_width_dim=\dimen186
\l__glossaries_tree_namewidth_padding_dim=\dimen187
\l__glossaries_tree_symbolwidth_padding_dim=\dimen188
\l__glossaries_tree_namesymbolwidth_dim=\dimen189
\l__glossaries_tree_namesymbolwidth_padding_dim=\dimen190
\l__glossaries_tree_level_int=\count366
\glstreeindent=\skip83
))
(C:\Users\Matias\AppData\Local\Programs\MiKTeX\tex/latex/base\makeidx.sty
Package: makeidx 2021/10/04 v1.0m Standard LaTeX package
)
(C:\Users\Matias\AppData\Local\Programs\MiKTeX\tex/latex/multirow\multirow.sty
Package: multirow 2024/11/12 v2.9 Span multiple rows of a table
\multirow@colwidth=\skip84
\multirow@cntb=\count367
\multirow@dima=\skip85
\bigstrutjot=\dimen191
) (C:\Users\Matias\AppData\Local\Programs\MiKTeX\tex/latex/tools\multicol.sty
Package: multicol 2024/09/14 v1.9i multicolumn formatting (FMi)
\c@tracingmulticols=\count368
\mult@box=\box64
\multicol@leftmargin=\dimen192
\c@unbalance=\count369
\c@collectmore=\count370
\doublecol@number=\count371
\multicoltolerance=\count372
\multicolpretolerance=\count373
\full@width=\dimen193
\page@free=\dimen194
\premulticols=\dimen195
\postmulticols=\dimen196
\multicolsep=\skip86
\multicolbaselineskip=\skip87
\partial@page=\box65
\last@line=\box66
\mc@boxedresult=\box67
\maxbalancingoverflow=\dimen197
\mult@rightbox=\box68
\mult@grightbox=\box69
\mult@firstbox=\box70
\mult@gfirstbox=\box71
\@tempa=\box72
\@tempa=\box73
\@tempa=\box74
\@tempa=\box75
\@tempa=\box76
\@tempa=\box77
\@tempa=\box78
\@tempa=\box79
\@tempa=\box80
\@tempa=\box81
\@tempa=\box82
\@tempa=\box83
\@tempa=\box84
\@tempa=\box85
\@tempa=\box86
\@tempa=\box87
\@tempa=\box88
\@tempa=\box89
\@tempa=\box90
\@tempa=\box91
\@tempa=\box92
\@tempa=\box93
\@tempa=\box94
\@tempa=\box95
\@tempa=\box96
\@tempa=\box97
\@tempa=\box98
\@tempa=\box99
\@tempa=\box100
\@tempa=\box101
\@tempa=\box102
\@tempa=\box103
\@tempa=\box104
\@tempa=\box105
\@tempa=\box106
\@tempa=\box107
\c@minrows=\count374
\c@columnbadness=\count375
\c@finalcolumnbadness=\count376
\last@try=\dimen198
\multicolovershoot=\dimen199
\multicolundershoot=\dimen256
\mult@nat@firstbox=\box108
\colbreak@box=\box109
\mc@col@check@num=\count377
)
(C:\Users\Matias\AppData\Local\Programs\MiKTeX\tex/latex/colortbl\colortbl.sty
Package: colortbl 2024/10/29 v1.0k Color table columns (DPC)

(C:\Users\Matias\AppData\Local\Programs\MiKTeX\tex/latex/graphics\color.sty
Package: color 2024/06/23 v1.3e Standard LaTeX Color (DPC)

(C:\Users\Matias\AppData\Local\Programs\MiKTeX\tex/latex/graphics-cfg\color.cfg
File: color.cfg 2016/01/02 v1.6 sample color configuration
)
Package color Info: Driver file: pdftex.def on input line 149.

(C:\Users\Matias\AppData\Local\Programs\MiKTeX\tex/latex/graphics\mathcolor.ltx
))
\everycr=\toks58
\minrowclearance=\skip88
\rownum=\count378
) (C:\Users\Matias\AppData\Local\Programs\MiKTeX\tex/latex/cite\cite.sty
LaTeX Info: Redefining \cite on input line 302.
LaTeX Info: Redefining \nocite on input line 332.
Package: cite 2015/02/27  v 5.5
)
(C:\Users\Matias\AppData\Local\Programs\MiKTeX\tex/latex/float\float.sty
Package: float 2001/11/08 v1.3d Float enhancements (AL)
\c@float@type=\count379
\float@exts=\toks59
\float@box=\box110
\@float@everytoks=\toks60
\@floatcapt=\box111
)
(C:\Users\Matias\AppData\Local\Programs\MiKTeX\tex/latex/comment\comment.sty
\CommentStream=\write3

Excluding comment 'comment')
\@indexfile=\write4
\openout4 = `tfg.idx'.


Writing index file tfg.idx
\glswrite=\write5
\glo@main@file=\write6
\openout6 = `tfg.glo'.

Package glossaries Info: Writing glossary file tfg.glo on input line 35.
\glo@acronym@file=\write7
\openout7 = `tfg.acn'.

Package glossaries Info: Writing glossary file tfg.acn on input line 35.
(glosario/glosario.tex)
(C:\Users\Matias\AppData\Local\Programs\MiKTeX\tex/latex/l3backend\l3backend-pd
ftex.def
File: l3backend-pdftex.def 2024-05-08 L3 backend support: PDF output (pdfTeX)
\l__color_backend_stack_int=\count380
\l__pdf_internal_box=\box112
) (tfg.aux
LaTeX Info: Redefining \. on input line 18.
LaTeX Info: Redefining \% on input line 18.

(portada_y_ficha_catalografica/portada_y_ficha_catalografica.aux)
No file ./epigrafe/epigrafe.aux.
(capitulo_01/introduccion.aux) (capitulo_02/marco_teorico.aux)
(capitulo_03/tecnologias_utilizadas.aux)
(capitulo_04/metodologia_y_desarrollo.aux) (capitulo_05/resultados.aux)
(capitulo_06/discusion.aux) (anexos/anexo.aux))
\openout1 = `tfg.aux'.

LaTeX Font Info:    Checking defaults for OML/cmm/m/it on input line 39.
LaTeX Font Info:    ... okay on input line 39.
LaTeX Font Info:    Checking defaults for OMS/cmsy/m/n on input line 39.
LaTeX Font Info:    ... okay on input line 39.
LaTeX Font Info:    Checking defaults for OT1/cmr/m/n on input line 39.
LaTeX Font Info:    ... okay on input line 39.
LaTeX Font Info:    Checking defaults for T1/cmr/m/n on input line 39.
LaTeX Font Info:    ... okay on input line 39.
LaTeX Font Info:    Checking defaults for TS1/cmr/m/n on input line 39.
LaTeX Font Info:    ... okay on input line 39.
LaTeX Font Info:    Checking defaults for OMX/cmex/m/n on input line 39.
LaTeX Font Info:    ... okay on input line 39.
LaTeX Font Info:    Checking defaults for U/cmr/m/n on input line 39.
LaTeX Font Info:    ... okay on input line 39.
LaTeX Font Info:    Checking defaults for PD1/pdf/m/n on input line 39.
LaTeX Font Info:    ... okay on input line 39.
LaTeX Font Info:    Checking defaults for PU/pdf/m/n on input line 39.
LaTeX Font Info:    ... okay on input line 39.
LaTeX Info: Redefining \. on input line 39.
LaTeX Info: Redefining \% on input line 39.

(C:\Users\Matias\AppData\Local\Programs\MiKTeX\tex/context/base/mkii\supp-pdf.m
kii
[Loading MPS to PDF converter (version 2006.09.02).]
\scratchcounter=\count381
\scratchdimen=\dimen257
\scratchbox=\box113
\nofMPsegments=\count382
\nofMParguments=\count383
\everyMPshowfont=\toks61
\MPscratchCnt=\count384
\MPscratchDim=\dimen258
\MPnumerator=\count385
\makeMPintoPDFobject=\count386
\everyMPtoPDFconversion=\toks62
)
(C:\Users\Matias\AppData\Local\Programs\MiKTeX\tex/latex/epstopdf-pkg\epstopdf-
base.sty
Package: epstopdf-base 2020-01-24 v2.11 Base part for package epstopdf
Package epstopdf-base Info: Redefining graphics rule for `.eps' on input line 4
85.

(C:\Users\Matias\AppData\Local\Programs\MiKTeX\tex/latex/00miktex\epstopdf-sys.
cfg
File: epstopdf-sys.cfg 2021/03/18 v2.0 Configuration of epstopdf for MiKTeX
))
Package hyperref Info: Link coloring OFF on input line 39.
 (tfg.out) (tfg.out)
\@outlinefile=\write8
\openout8 = `tfg.out'.

 (tfg.glsdefs)
LaTeX Font Info:    Trying to load font information for U+msa on input line 58.


(C:\Users\Matias\AppData\Local\Programs\MiKTeX\tex/latex/amsfonts\umsa.fd
File: umsa.fd 2013/01/14 v3.01 AMS symbols A
)
LaTeX Font Info:    Trying to load font information for U+msb on input line 58.


(C:\Users\Matias\AppData\Local\Programs\MiKTeX\tex/latex/amsfonts\umsb.fd
File: umsb.fd 2013/01/14 v3.01 AMS symbols B
)

LaTeX Font Warning: Font shape `OT1/cmr/bx/sc' undefined
(Font)              using `OT1/cmr/bx/n' instead on input line 66.

<./portada_y_ficha_catalografica/logo.png, id=424, 216.0873pt x 216.0873pt>
File: ./portada_y_ficha_catalografica/logo.png Graphic file (type png)
<use ./portada_y_ficha_catalografica/logo.png>
Package pdftex.def Info: ./portada_y_ficha_catalografica/logo.png  used on inpu
t line 75.
(pdftex.def)             Requested size: 129.65337pt x 129.65337pt.


[1

\openout5 = `tfg.ist'.


{C:/Users/Matias/AppData/Local/MiKTeX/fonts/map/pdftex/pdftex.map} <./portada_y
_ficha_catalografica/logo.png>]

[2]
\openout2 = `./portada_y_ficha_catalografica/portada_y_ficha_catalografica.aux'
.

 (portada_y_ficha_catalografica/portada_y_ficha_catalografica.tex

! LaTeX Error: There's no line here to end.

See the LaTeX manual or LaTeX Companion for explanation.
Type  H <return>  for immediate help.
 ...                                              
                                                  
l.49 T
      rabajo final de grado presentado a la Facultad Polit√©cnica de la Univ...

Your command was ignored.
Type  I <command> <return>  to replace it with another command,
or  <return>  to continue without it.

)

[3

]
\openout2 = `./epigrafe/epigrafe.aux'.


No file ./epigrafe/epigrafe.tex.
(tfg.toc
LaTeX Info: Redefining \. on input line 1.
LaTeX Info: Redefining \% on input line 1.


Package spanish Warning: Replacing `OT1/cmr/bx/sc' by 
(spanish)                faked small caps on input line 2.


Package spanish Warning: Replacing `OT1/cmr/bx/sc' by 
(spanish)                faked small caps on input line 3.


Package spanish Warning: Replacing `OT1/cmr/bx/sc' by 
(spanish)                faked small caps on input line 4.



[4






]

[5]

[6])
\tf@toc=\write9
\openout9 = `tfg.toc'.



[7] (tfg.lof
LaTeX Info: Redefining \. on input line 1.
LaTeX Info: Redefining \% on input line 1.


[8


]
Overfull \hbox (25.34056pt too wide) in paragraph at lines 39--39
 [][] [][]\OT1/cmr/m/n/12 Flujo de in-te-gra-ci^^Son en-tre el dis-po-si-ti-vo 
Prue-baHel-tec y \OT1/cmr/m/it/12 MQTT[]TB\OT1/cmr/m/n/12 . 
 []


Overfull \hbox (0.64594pt too wide) in paragraph at lines 59--59
 [][] [][]\OT1/cmr/m/n/12 Estructura del Men-sa-je en-via-do, don-de pay-load s
er^^S^^Pan las coor- 
 []



[9])
\tf@lof=\write10
\openout10 = `tfg.lof'.



[10] (tfg.lot
LaTeX Info: Redefining \. on input line 1.
LaTeX Info: Redefining \% on input line 1.
)
\tf@lot=\write11
\openout11 = `tfg.lot'.

 (tfg.acr

[11


]

! LaTeX Error: Invalid UTF-8 byte sequence (Ûnde).

See the LaTeX manual or LaTeX Companion for explanation.
Type  H <return>  for immediate help.
 ...                                              
                                                  
l.5 ...etentrycounter[]{page}\glsnumberformat{5}}}
                                                  \glsgroupskip
The document does not appear to be in UTF-8 encoding.
Try adding \UseRawInputEncoding as the first line of the file
or specify an encoding such as \usepackage [latin1]{inputenc}
in the document preamble.
Alternatively, save the file in UTF-8 using your editor or another tool


! LaTeX Error: Invalid UTF-8 byte sequence (Ìrc).

See the LaTeX manual or LaTeX Companion for explanation.
Type  H <return>  for immediate help.
 ...                                              
                                                  
l.5 ...etentrycounter[]{page}\glsnumberformat{5}}}
                                                  \glsgroupskip
The document does not appear to be in UTF-8 encoding.
Try adding \UseRawInputEncoding as the first line of the file
or specify an encoding such as \usepackage [latin1]{inputenc}
in the document preamble.
Alternatively, save the file in UTF-8 using your editor or another tool


! LaTeX Error: Invalid UTF-8 byte sequence (·me).

See the LaTeX manual or LaTeX Companion for explanation.
Type  H <return>  for immediate help.
 ...                                              
                                                  
l.5 ...etentrycounter[]{page}\glsnumberformat{5}}}
                                                  \glsgroupskip
The document does not appear to be in UTF-8 encoding.
Try adding \UseRawInputEncoding as the first line of the file
or specify an encoding such as \usepackage [latin1]{inputenc}
in the document preamble.
Alternatively, save the file in UTF-8 using your editor or another tool

)

[12


]
\openout2 = `./capitulo_01/introduccion.aux'.

 (capitulo_01/introduccion.tex
Cap\'{\i }tulo 1.

LaTeX Warning: Citation `krizhevsky2012' on page 1 undefined on input line 10.


LaTeX Warning: Citation `yolo_paper' on page 1 undefined on input line 10.



[1



]

[2]

[3]
Overfull \hbox (14.35823pt too wide) in paragraph at lines 61--62
[]\OT1/cmr/m/n/12 En el con-tex-to ac-tual de la me-di-ci-na ve-te-ri-na-ria, d
on-de la pre-ci-si^^Son diagn^^Sosti-
 []



[4]

LaTeX Warning: Citation `yolo_paper' on page 5 undefined on input line 65.



[5])

[6]

[7]
\openout2 = `./capitulo_02/marco_teorico.aux'.

 (capitulo_02/marco_teorico.tex
\c@teorema=\count387

Cap\'{\i }tulo 2.

LaTeX Warning: Citation `turing1950' on page 8 undefined on input line 17.


LaTeX Warning: Citation `feigenbaum1988' on page 8 undefined on input line 19.


LaTeX Warning: Citation `krizhevsky2012' on page 8 undefined on input line 21.



[8




]

LaTeX Warning: Citation `russell2020' on page 9 undefined on input line 24.


LaTeX Warning: Citation `kaplan2019' on page 9 undefined on input line 26.


LaTeX Warning: Citation `bostrom2014' on page 9 undefined on input line 31.


LaTeX Warning: Citation `yolo_site' on page 9 undefined on input line 36.



[9]

LaTeX Warning: Citation `yolo_paper' on page 10 undefined on input line 38.


LaTeX Warning: Citation `bochkovskiy2020' on page 10 undefined on input line 41
.


LaTeX Warning: Citation `yolo_docs' on page 10 undefined on input line 43.


LaTeX Warning: Citation `analyticsvidhya2025' on page 10 undefined on input lin
e 47.


Overfull \hbox (6.3752pt too wide) in paragraph at lines 51--52
[]\OT1/cmr/m/n/12 El \OT1/cmr/m/it/12 back-bo-ne \OT1/cmr/m/n/12 de YO-LOv11 em
-plea una ar-qui-tec-tu-ra ti-po \OT1/cmr/m/it/12 Dark-Net/DarkFPN
 []



[10]
<./capitulo_02/figures/yolo11.png, id=862, 1165.35374pt x 596.2275pt>
File: ./capitulo_02/figures/yolo11.png Graphic file (type png)
<use ./capitulo_02/figures/yolo11.png>
Package pdftex.def Info: ./capitulo_02/figures/yolo11.png  used on input line 6
8.
(pdftex.def)             Requested size: 312.00119pt x 159.62802pt.


LaTeX Warning: Citation `learnopencv2025' on page 11 undefined on input line 76
.



[11
pdfTeX warning (ext4): destination with the same identifier (name{figure.2.1}) 
has been already used, duplicate ignored
<argument> ...shipout:D \box_use:N \l_shipout_box 
                                                  \__shipout_drop_firstpage_...
l.84     \item G
                racias a esta divisi√≥n sencilla (reorganizaci√≥n del tensor...
 <./capitulo_02/figures/yolo11.png>]

[12]
<./capitulo_02/figures/yolo12.png, id=869, 903.375pt x 451.6875pt>
File: ./capitulo_02/figures/yolo12.png Graphic file (type png)
<use ./capitulo_02/figures/yolo12.png>
Package pdftex.def Info: ./capitulo_02/figures/yolo12.png  used on input line 1
20.
(pdftex.def)             Requested size: 467.99881pt x 234.00354pt.

Overfull \hbox (77.99881pt too wide) in paragraph at lines 120--121
 [] 
 []


LaTeX Warning: Citation `szeliski2022' on page 13 undefined on input line 128.


LaTeX Warning: Citation `forsyth2021' on page 13 undefined on input line 131.



[13
pdfTeX warning (ext4): destination with the same identifier (name{figure.2.2}) 
has been already used, duplicate ignored
<argument> ...shipout:D \box_use:N \l_shipout_box 
                                                  \__shipout_drop_firstpage_...
l.132 
       <./capitulo_02/figures/yolo12.png>]

LaTeX Warning: Citation `szeliski2022' on page 14 undefined on input line 135.


LaTeX Warning: Citation `wang2020' on page 14 undefined on input line 137.


LaTeX Warning: Citation `gonzalez2018' on page 14 undefined on input line 139.


LaTeX Warning: Citation `jain2021' on page 14 undefined on input line 141.



[14]

LaTeX Warning: Citation `shapiro2021' on page 15 undefined on input line 156.


LaTeX Warning: Citation `nixon2020' on page 15 undefined on input line 157.


LaTeX Warning: Citation `lecun2015' on page 15 undefined on input line 162.


LaTeX Warning: Citation `krizhevsky2017' on page 15 undefined on input line 162
.


LaTeX Warning: Citation `forsyth2021' on page 15 undefined on input line 164.


LaTeX Warning: Citation `bushberg2021essential' on page 15 undefined on input l
ine 167.


LaTeX Warning: Citation `carlton2020principles' on page 15 undefined on input l
ine 167.



[15]

LaTeX Warning: Citation `nauth2020fracture' on page 16 undefined on input line 
175.


LaTeX Warning: Citation `browner2019skeletal' on page 16 undefined on input lin
e 175.


LaTeX Warning: Citation `thrall2018textbook' on page 16 undefined on input line
 182.


Overfull \hbox (9.3653pt too wide) in paragraph at lines 182--183
\OT1/cmr/m/n/12 jun-to de t^^Secni-cas no in-va-si-vas que po-si-bi-li-tan vi-s
ua-li-zar las es-truc-tu-ras anat^^Somi-
 []



[16]

LaTeX Warning: Citation `mattoon2021digital' on page 17 undefined on input line
 184.


LaTeX Warning: Citation `dyce2012anatomia' on page 17 undefined on input line 1
89.

<./capitulo_02/figures/Tipos_de_Huesos.jpg, id=889, 692.5875pt x 325.215pt>
File: ./capitulo_02/figures/Tipos_de_Huesos.jpg Graphic file (type jpg)
<use ./capitulo_02/figures/Tipos_de_Huesos.jpg>
Package pdftex.def Info: ./capitulo_02/figures/Tipos_de_Huesos.jpg  used on inp
ut line 195.
(pdftex.def)             Requested size: 390.0pt x 183.13644pt.

LaTeX Warning: Citation `hermanson2019millers' on page 17 undefined on input li
ne 203.


LaTeX Warning: Citation `fossum2021small' on page 17 undefined on input line 20
3.



[17
pdfTeX warning (ext4): destination with the same identifier (name{figure.2.3}) 
has been already used, duplicate ignored
<argument> ...shipout:D \box_use:N \l_shipout_box 
                                                  \__shipout_drop_firstpage_...
l.204 
       <./capitulo_02/figures/Tipos_de_Huesos.jpg>]

LaTeX Warning: Citation `dyce2012anatomia' on page 18 undefined on input line 2
07.


LaTeX Warning: Citation `johnson2018fundamentals' on page 18 undefined on input
 line 207.


LaTeX Warning: Citation `hermanson2019millers' on page 18 undefined on input li
ne 211.


LaTeX Warning: Citation `piermattei2016handbook' on page 18 undefined on input 
line 211.


LaTeX Warning: Citation `hermanson2019millers' on page 18 undefined on input li
ne 215.


LaTeX Warning: Citation `tobias2017veterinary' on page 18 undefined on input li
ne 215.


LaTeX Warning: Citation `unger2024ao' on page 18 undefined on input line 219.

<./capitulo_02/figures/Tipos_de_Fracturas.jpg, id=894, 711.65875pt x 251.94125p
t>
File: ./capitulo_02/figures/Tipos_de_Fracturas.jpg Graphic file (type jpg)
<use ./capitulo_02/figures/Tipos_de_Fracturas.jpg>
Package pdftex.def Info: ./capitulo_02/figures/Tipos_de_Fracturas.jpg  used on 
input line 225.
(pdftex.def)             Requested size: 390.0pt x 138.0645pt.


[18]

LaTeX Warning: Citation `piermattei2016handbook' on page 19 undefined on input 
line 233.


Overfull \hbox (2.93343pt too wide) in paragraph at lines 233--234
[]\OT1/cmr/m/n/12 Fracturas en las que los frag-men-tos ^^Soseos man-tie-nen su
 ali-nea-ci^^Son anat^^Somi-
 []


LaTeX Warning: Citation `fossum2021small' on page 19 undefined on input line 23
7.


LaTeX Warning: Citation `johnson2018fundamentals' on page 19 undefined on input
 line 241.


LaTeX Warning: Citation `tobias2017veterinary' on page 19 undefined on input li
ne 245.


LaTeX Warning: Citation `piermattei2016handbook' on page 19 undefined on input 
line 249.



[19
pdfTeX warning (ext4): destination with the same identifier (name{figure.2.4}) 
has been already used, duplicate ignored
<argument> ...shipout:D \box_use:N \l_shipout_box 
                                                  \__shipout_drop_firstpage_...
l.250 
       <./capitulo_02/figures/Tipos_de_Fracturas.jpg>]

LaTeX Warning: Citation `markel2019biomechanics' on page 20 undefined on input 
line 253.

<./capitulo_02/figures/Ubicacion_de_la_Fractura.jpg, id=904, 740.7675pt x 290.0
8376pt>
File: ./capitulo_02/figures/Ubicacion_de_la_Fractura.jpg Graphic file (type jpg
)
<use ./capitulo_02/figures/Ubicacion_de_la_Fractura.jpg>
Package pdftex.def Info: ./capitulo_02/figures/Ubicacion_de_la_Fractura.jpg  us
ed on input line 259.
(pdftex.def)             Requested size: 390.0pt x 152.7256pt.

LaTeX Warning: Citation `dyce2012anatomia' on page 20 undefined on input line 2
67.


LaTeX Warning: Citation `hermanson2019millers' on page 20 undefined on input li
ne 271.


LaTeX Warning: Citation `hermanson2019millers' on page 20 undefined on input li
ne 275.


LaTeX Warning: Citation `thrall2018textbook' on page 20 undefined on input line
 275.



[20
pdfTeX warning (ext4): destination with the same identifier (name{figure.2.5}) 
has been already used, duplicate ignored
<argument> ...shipout:D \box_use:N \l_shipout_box 
                                                  \__shipout_drop_firstpage_...
l.276 
       <./capitulo_02/figures/Ubicacion_de_la_Fractura.jpg>]

LaTeX Warning: Citation `shklar2021web' on page 21 undefined on input line 278.



LaTeX Warning: Citation `fowler2019patterns' on page 21 undefined on input line
 280.


LaTeX Warning: Citation `jocher2023yolo' on page 21 undefined on input line 285
.


LaTeX Warning: Citation `howard2020deep' on page 21 undefined on input line 287
.



[21]

LaTeX Warning: Citation `llorens2023' on page 22 undefined on input line 305.



[22]
Overfull \hbox (7.0758pt too wide) in paragraph at lines 317--318
[]\OT1/cmr/bx/sc/12 Desarrollado por: \OT1/cmr/m/n/12 Sai Cha-ran Me-da-ra-matl
a, Chen-nu-pa-ti Ve-da Samhitha,
 []


LaTeX Warning: Citation `abdelrahman2024' on page 23 undefined on input line 31
9.



[23]

LaTeX Warning: Citation `liu2024' on page 24 undefined on input line 327.



[24]
Overfull \hbox (2.66269pt too wide) in paragraph at lines 329--330
[]\OT1/cmr/m/n/12 Ambos pro-yec-tos uti-li-zan ar-qui-tec-tu-ras YO-LO pa-ra la
 de-tec-ci^^Son au-tom^^Sati-
 []


LaTeX Warning: Citation `marin2021' on page 25 undefined on input line 335.



[25]

[26]

LaTeX Warning: Citation `nisa2023' on page 27 undefined on input line 344.

)

[27]
\openout2 = `./capitulo_03/tecnologias_utilizadas.aux'.

 (capitulo_03/tecnologias_utilizadas.tex
Cap\'{\i }tulo 3.

! Package glossaries Error: Glossary entry `gpu-acronym' has not been defined.

See the glossaries package documentation for explanation.
Type  H <return>  for immediate help.
 ...                                              
                                                  
l.17 ... gr√°fico (\textit{\acrshort{gpu-acronym}}
                                                  ) de alta gama dise√±ada e...

You need to define a glossary entry before you can use it.


LaTeX Warning: Citation `NVIDIA2024RTX5090' on page 28 undefined on input line 
19.



[28




]

LaTeX Warning: File `./capitulo_03/figures/HW/RTX5090.jpg' not found on input l
ine 25.


! Package pdftex.def Error: File `./capitulo_03/figures/HW/RTX5090.jpg' not fou
nd: using draft setting.

See the pdftex.def package documentation for explanation.
Type  H <return>  for immediate help.
 ...                                              
                                                  
l.25 ...0.3]{./capitulo_03/figures/HW/RTX5090.jpg}
                                                  
Try typing  <return>  to proceed.
If that doesn't work, type  X <return>  to quit.


! Package glossaries Error: Glossary entry `gpu-acronym' has not been defined.

See the glossaries package documentation for explanation.
Type  H <return>  for immediate help.
 ...                                              
                                                  
l.31 ...as de esta \textit{\acrshort{gpu-acronym}}
                                                   es su amplia memoria \tex...

You need to define a glossary entry before you can use it.


! Package glossaries Error: Glossary entry `gpu-acronym' has not been defined.

See the glossaries package documentation for explanation.
Type  H <return>  for immediate help.
 ...                                              
                                                  
l.33 ...mputaci√≥n \textit{\acrshort{gpu-acronym}}
                                                   de alto rendimiento para ...

You need to define a glossary entry before you can use it.


! Package glossaries Error: Glossary entry `gpu-acronym' has not been defined.

See the glossaries package documentation for explanation.
Type  H <return>  for immediate help.
 ...                                              
                                                  
l.35 ...≥n de esta \textit{\acrshort{gpu-acronym}}
                                                   se fundament√≥ en un an√°...

You need to define a glossary entry before you can use it.


Overfull \hbox (0.48274pt too wide) in paragraph at lines 44--45
[]\OT1/cmr/bx/sc/12 Disponibilidad: \OT1/cmr/m/n/12 Ac-ce-si-bi-li-dad a trav^^
Ses de pla-ta-for-mas de compu-taci^^Son
 []



[29
pdfTeX warning (ext4): destination with the same identifier (name{figure.3.1}) 
has been already used, duplicate ignored
<argument> ...shipout:D \box_use:N \l_shipout_box 
                                                  \__shipout_drop_firstpage_...
l.51     \item \textbf
                      {3:} Indica el mejor rendimiento o la opci√≥n m√°s fav...
]
Underfull \hbox (badness 10000) in paragraph at lines 65--65
[]|\OT1/cmr/bx/sc/12 RTX\TS1/cmr/bx/n/12 ó
 []


Underfull \hbox (badness 10000) in paragraph at lines 66--66
[]|\OT1/cmr/m/n/12 Rendimiento compu-
 []


Overfull \hbox (1.43301pt too wide) in paragraph at lines 63--74
 [][] 
 []



[30
pdfTeX warning (ext4): destination with the same identifier (name{table.3.1}) h
as been already used, duplicate ignored
<argument> ...shipout:D \box_use:N \l_shipout_box 
                                                  \__shipout_drop_firstpage_...
l.85 
     ]

LaTeX Warning: Citation `He2016Deep' on page 31 undefined on input line 90.


Overfull \hbox (9.32513pt too wide) in paragraph at lines 96--97
[]\OT1/cmr/bx/sc/12 Transferencia de apren-di-za-je: \OT1/cmr/m/n/12 Dis-po-ni-
bi-li-dad de pe-sos pre-entrenados
 []


LaTeX Warning: Citation `Tan2019EfficientNet' on page 31 undefined on input lin
e 105.



[31]

LaTeX Warning: Citation `Dosovitskiy2020Image' on page 32 undefined on input li
ne 120.



[32]
Overfull \hbox (15.57646pt too wide) in paragraph at lines 151--151
[]|\OT1/cmr/bx/sc/12 EfficientNetB3| 
 []


Underfull \hbox (badness 7344) in paragraph at lines 154--154
[]|\OT1/cmr/m/n/12 Velocidad de en-tre-na-
 []



[33
pdfTeX warning (ext4): destination with the same identifier (name{table.3.2}) h
as been already used, duplicate ignored
<argument> ...shipout:D \box_use:N \l_shipout_box 
                                                  \__shipout_drop_firstpage_...
l.164 \subsection
                 {Plataforma Roboflow}]

LaTeX Warning: File `./capitulo_03/figures/SW/roboflow.png' not found on input 
line 172.


! Package pdftex.def Error: File `./capitulo_03/figures/SW/roboflow.png' not fo
und: using draft setting.

See the pdftex.def package documentation for explanation.
Type  H <return>  for immediate help.
 ...                                              
                                                  
l.172 ...4]{./capitulo_03/figures/SW/roboflow.png}
                                                  
Try typing  <return>  to proceed.
If that doesn't work, type  X <return>  to quit.


Overfull \hbox (4.21143pt too wide) in paragraph at lines 180--181
[]\OT1/cmr/bx/sc/12 Gesti^^Son de Da-tos: \OT1/cmr/m/it/12 Ro-bo-flow \OT1/cmr/
m/n/12 per-mi-te car-gar, or-ga-ni-zar y eti-que-tar im^^Sage-
 []


LaTeX Warning: Citation `Roboflow2023' on page 34 undefined on input line 188.



[34
pdfTeX warning (ext4): destination with the same identifier (name{figure.3.2}) 
has been already used, duplicate ignored
<argument> ...shipout:D \box_use:N \l_shipout_box 
                                                  \__shipout_drop_firstpage_...
l.194     \item \textbf
                       {Automatizaci√≥n:} Capacidades de automatizaci√≥n en ...
]
Overfull \hbox (7.22102pt too wide) in paragraph at lines 197--198
[]\OT1/cmr/bx/sc/12 Costo: \OT1/cmr/m/n/12 Dis-po-ni-bi-li-dad de tier gra-tui-
to ade-cua-do pa-ra pro-yec-tos acad^^Semi-
 []

)

[35
pdfTeX warning (ext4): destination with the same identifier (name{table.3.3}) h
as been already used, duplicate ignored
<argument> ...shipout:D \box_use:N \l_shipout_box 
                                                  \__shipout_drop_firstpage_...
l.142 ...ude{./capitulo_03/tecnologias_utilizadas}
                                                  ]
\openout2 = `./capitulo_04/metodologia_y_desarrollo.aux'.


(capitulo_04/metodologia_y_desarrollo.tex
Cap\'{\i }tulo 4.
<./capitulo_04/imagen/modulos.drawio.png, id=991, 885.3075pt x 126.4725pt>
File: ./capitulo_04/imagen/modulos.drawio.png Graphic file (type png)
<use ./capitulo_04/imagen/modulos.drawio.png>
Package pdftex.def Info: ./capitulo_04/imagen/modulos.drawio.png  used on input
 line 13.
(pdftex.def)             Requested size: 390.0pt x 55.7156pt.


[36





pdfTeX warning (ext4): destination with the same identifier (name{figure.4.1}) 
has been already used, duplicate ignored
<argument> ...shipout:D \box_use:N \l_shipout_box 
                                                  \__shipout_drop_firstpage_...
l.22 \subsection
                {Requisitos clave} <./capitulo_04/imagen/modulos.drawio.png>]
<./capitulo_04/imagen/diagrama1.png, id=1004, 723.70375pt x 477.785pt>
File: ./capitulo_04/imagen/diagrama1.png Graphic file (type png)
<use ./capitulo_04/imagen/diagrama1.png>
Package pdftex.def Info: ./capitulo_04/imagen/diagrama1.png  used on input line
 41.
(pdftex.def)             Requested size: 361.85098pt x 238.8919pt.


[37
pdfTeX warning (ext4): destination with the same identifier (name{figure.4.2}) 
has been already used, duplicate ignored
<argument> ...shipout:D \box_use:N \l_shipout_box 
                                                  \__shipout_drop_firstpage_...
l.49     \item \textbf
                      {M√≥dulo \textit{\acrshort{rfid-acronym}}:} Detecta y ...
 <./capitulo_04/imagen/diagrama1.png>]
<./capitulo_04/imagen/diagrama2.png, id=1018, 709.65125pt x 266.9975pt>
File: ./capitulo_04/imagen/diagrama2.png Graphic file (type png)
<use ./capitulo_04/imagen/diagrama2.png>
Package pdftex.def Info: ./capitulo_04/imagen/diagrama2.png  used on input line
 62.
(pdftex.def)             Requested size: 354.82475pt x 133.49841pt.


[38
pdfTeX warning (ext4): destination with the same identifier (name{figure.4.3}) 
has been already used, duplicate ignored
<argument> ...shipout:D \box_use:N \l_shipout_box 
                                                  \__shipout_drop_firstpage_...
l.73 \end{itemize}
                   <./capitulo_04/imagen/diagrama2.png>]
<./capitulo_04/imagen/diagramadeflujoRFID-Page-1.drawio.png, id=1030, 622.325pt
 x 241.90375pt>
File: ./capitulo_04/imagen/diagramadeflujoRFID-Page-1.drawio.png Graphic file (
type png)
<use ./capitulo_04/imagen/diagramadeflujoRFID-Page-1.drawio.png>
Package pdftex.def Info: ./capitulo_04/imagen/diagramadeflujoRFID-Page-1.drawio
.png  used on input line 93.
(pdftex.def)             Requested size: 311.16173pt x 120.95157pt.


[39
pdfTeX warning (ext4): destination with the same identifier (name{figure.4.4}) 
has been already used, duplicate ignored
<argument> ...shipout:D \box_use:N \l_shipout_box 
                                                  \__shipout_drop_firstpage_...
l.101 \begin{itemize}
                      <./capitulo_04/imagen/diagramadeflujoRFID-Page-1.drawio.p
ng>]
<./capitulo_04/imagen/diagramaRFID.png, id=1037, 250.26833pt x 239.02634pt>
File: ./capitulo_04/imagen/diagramaRFID.png Graphic file (type png)
<use ./capitulo_04/imagen/diagramaRFID.png>
Package pdftex.def Info: ./capitulo_04/imagen/diagramaRFID.png  used on input l
ine 116.
(pdftex.def)             Requested size: 200.21494pt x 191.22131pt.

Overfull \hbox (4.5349pt too wide) in paragraph at lines 122--122
[]\OT1/cmr/bx/n/14.4 Primera ver-si^^Son del c^^Sodi-go: im-ple-men-ta-ci^^Son 
b^^Sasi-
 []



[40
pdfTeX warning (ext4): destination with the same identifier (name{figure.4.5}) 
has been already used, duplicate ignored
<argument> ...shipout:D \box_use:N \l_shipout_box 
                                                  \__shipout_drop_firstpage_...
l.125 
       <./capitulo_04/imagen/diagramaRFID.png>]
Overfull \hbox (19.99826pt too wide) in paragraph at lines 129--130
[]\OT1/cmr/m/n/12 Cuando se de-tec-ta un \OT1/cmr/m/it/12 tag\OT1/cmr/m/n/12 , 
se lee su UID y se uti-li-za la fun-ci^^Son \OT1/cmtt/m/n/12 comparaUID()
 []


Overfull \hbox (7.70325pt too wide) in paragraph at lines 140--140
[]\OT1/cmr/bx/n/14.4 Segunda ver-si^^Son del c^^Sodi-go: in-te-gra-ci^^Son de F
reeR-
 []

LaTeX Font Info:    Font shape `OT1/cmtt/bx/n' in size <12> not available
(Font)              Font shape `OT1/cmtt/m/n' tried instead on input line 145.


[41]
Overfull \hbox (11.69003pt too wide) in paragraph at lines 161--162
[]\OT1/cmr/m/n/12 Espera la se~nal del sem^^Safo-ro pa-ra eje-cu-tar la fun-ci^
^Son \OT1/cmtt/m/n/12 verificarTiempo()\OT1/cmr/m/n/12 ,
 []



[42]
<./capitulo_04/imagen/diagramaGNSS.png, id=1070, 233.40533pt x 182.81633pt>
File: ./capitulo_04/imagen/diagramaGNSS.png Graphic file (type png)
<use ./capitulo_04/imagen/diagramaGNSS.png>
Package pdftex.def Info: ./capitulo_04/imagen/diagramaGNSS.png  used on input l
ine 186.
(pdftex.def)             Requested size: 186.7245pt x 146.25323pt.


[43
pdfTeX warning (ext4): destination with the same identifier (name{figure.4.6}) 
has been already used, duplicate ignored
<argument> ...shipout:D \box_use:N \l_shipout_box 
                                                  \__shipout_drop_firstpage_...
l.207 \paragraph
                {Recepci√≥n y decodificaci√≥n de datos:} <./capitulo_04/imagen/
diagramaGNSS.png>]

[44]
Overfull \hbox (6.60681pt too wide) in paragraph at lines 236--237
\OT1/cmr/m/n/12 y cent^^Sesi-mas de se-gun-do) si los da-tos son v^^Sali-dos (\
OT1/cmtt/m/n/12 gps.time.isValid()\OT1/cmr/m/n/12 ). 
 []


Package hyperref Warning: Token not allowed in a PDF string (Unicode):
(hyperref)                removing `\acrshort' on input line 242.

<./capitulo_04/imagen/helium.png, id=1092, 698.00775pt x 392.667pt>
File: ./capitulo_04/imagen/helium.png Graphic file (type png)
<use ./capitulo_04/imagen/helium.png>
Package pdftex.def Info: ./capitulo_04/imagen/helium.png  used on input line 25
5.
(pdftex.def)             Requested size: 390.0pt x 219.39471pt.


[45]
<./capitulo_04/imagen/otta.png, id=1107, 751.00575pt x 146.949pt>
File: ./capitulo_04/imagen/otta.png Graphic file (type png)
<use ./capitulo_04/imagen/otta.png>
Package pdftex.def Info: ./capitulo_04/imagen/otta.png  used on input line 271.

(pdftex.def)             Requested size: 390.0pt x 76.31078pt.


[46
pdfTeX warning (ext4): destination with the same identifier (name{figure.4.7}) 
has been already used, duplicate ignored
<argument> ...shipout:D \box_use:N \l_shipout_box 
                                                  \__shipout_drop_firstpage_...
l.276 
       <./capitulo_04/imagen/helium.png>]
Overfull \hbox (22.1728pt too wide) in paragraph at lines 278--278
[]\OT1/cmr/bx/n/14.4 Implementaci^^Son de la co-mu-ni-ca-ci^^Son en-tre los m^^
Sodu-
 []


Package hyperref Warning: Token not allowed in a PDF string (Unicode):
(hyperref)                removing `\acrshort' on input line 278.


Package hyperref Warning: Token not allowed in a PDF string (Unicode):
(hyperref)                removing `\acrshort' on input line 278.

<./capitulo_04/imagen/diagramadeflujognss.png, id=1126, 765.86125pt x 188.705pt
>
File: ./capitulo_04/imagen/diagramadeflujognss.png Graphic file (type png)
<use ./capitulo_04/imagen/diagramadeflujognss.png>
Package pdftex.def Info: ./capitulo_04/imagen/diagramadeflujognss.png  used on 
input line 290.
(pdftex.def)             Requested size: 390.0pt x 96.0943pt.


[47
pdfTeX warning (ext4): destination with the same identifier (name{figure.4.8}) 
has been already used, duplicate ignored
<argument> ...shipout:D \box_use:N \l_shipout_box 
                                                  \__shipout_drop_firstpage_...
l.297 
      
pdfTeX warning (ext4): destination with the same identifier (name{figure.4.9}) 
has been already used, duplicate ignored
<argument> ...shipout:D \box_use:N \l_shipout_box 
                                                  \__shipout_drop_firstpage_...
l.297 
       <./capitulo_04/imagen/otta.png> <./capitulo_04/imagen/diagramadeflujogns
s.png>]
Overfull \hbox (9.6714pt too wide) in paragraph at lines 298--299
[]\OT1/cmr/m/n/12 El pro-gra-ma ini-cia con la in-clu-si^^Son de las li-brer^^S
^^Pas esen-cia-les: [][]\OT1/cmtt/m/n/12 LoRaWAN[]APP.h\OT1/cmr/m/n/12 ,
 []


Overfull \hbox (1.09726pt too wide) in paragraph at lines 314--315
[]\OT1/cmr/bx/sc/12 DEVICE STA-TE CY-CLE\OT1/cmr/m/n/12 : Cal-cu-la el tiem-po 
has-ta la pr^^Soxi-ma trans-
 []



[48]

[49]
<./capitulo_04/imagen/tb/dispositivo.png, id=1169, 496.10344pt x 499.11469pt>
File: ./capitulo_04/imagen/tb/dispositivo.png Graphic file (type png)
<use ./capitulo_04/imagen/tb/dispositivo.png>
Package pdftex.def Info: ./capitulo_04/imagen/tb/dispositivo.png  used on input
 line 347.
(pdftex.def)             Requested size: 262.93356pt x 264.52951pt.
<./capitulo_04/imagen/tb/perfil_transport.png, id=1170, 489.32813pt x 479.54156
pt>
File: ./capitulo_04/imagen/tb/perfil_transport.png Graphic file (type png)
<use ./capitulo_04/imagen/tb/perfil_transport.png>
Package pdftex.def Info: ./capitulo_04/imagen/tb/perfil_transport.png  used on 
input line 357.
(pdftex.def)             Requested size: 283.8105pt x 278.1343pt.


[50
pdfTeX warning (ext4): destination with the same identifier (name{figure.4.10})
 has been already used, duplicate ignored
<argument> ...shipout:D \box_use:N \l_shipout_box 
                                                  \__shipout_drop_firstpage_...
l.362 
       <./capitulo_04/imagen/tb/dispositivo.png>]
<./capitulo_04/imagen/tb/us_cleint.png, id=1178, 755.07094pt x 193.47281pt>
File: ./capitulo_04/imagen/tb/us_cleint.png Graphic file (type png)
<use ./capitulo_04/imagen/tb/us_cleint.png>
Package pdftex.def Info: ./capitulo_04/imagen/tb/us_cleint.png  used on input l
ine 373.
(pdftex.def)             Requested size: 390.0pt x 99.93039pt.
<./capitulo_04/imagen/tb/dispos_client.png, id=1179, 684.30656pt x 465.99094pt>

File: ./capitulo_04/imagen/tb/dispos_client.png Graphic file (type png)
<use ./capitulo_04/imagen/tb/dispos_client.png>
Package pdftex.def Info: ./capitulo_04/imagen/tb/dispos_client.png  used on inp
ut line 383.
(pdftex.def)             Requested size: 396.89809pt x 270.27492pt.

Overfull \hbox (6.89809pt too wide) in paragraph at lines 383--384
 [] 
 []



[51
pdfTeX warning (ext4): destination with the same identifier (name{figure.4.11})
 has been already used, duplicate ignored
<argument> ...shipout:D \box_use:N \l_shipout_box 
                                                  \__shipout_drop_firstpage_...
l.388 
      
pdfTeX warning (ext4): destination with the same identifier (name{figure.4.12})
 has been already used, duplicate ignored
<argument> ...shipout:D \box_use:N \l_shipout_box 
                                                  \__shipout_drop_firstpage_...
l.388 
       <./capitulo_04/imagen/tb/perfil_transport.png> <./capitulo_04/imagen/tb/
us_cleint.png>]
<./capitulo_04/imagen/tb/eleccionpanel.png, id=1188, 639.89063pt x 641.39626pt>

File: ./capitulo_04/imagen/tb/eleccionpanel.png Graphic file (type png)
<use ./capitulo_04/imagen/tb/eleccionpanel.png>
Package pdftex.def Info: ./capitulo_04/imagen/tb/eleccionpanel.png  used on inp
ut line 399.
(pdftex.def)             Requested size: 319.94452pt x 320.69734pt.


[52
pdfTeX warning (ext4): destination with the same identifier (name{figure.4.13})
 has been already used, duplicate ignored
<argument> ...shipout:D \box_use:N \l_shipout_box 
                                                  \__shipout_drop_firstpage_...
l.404 
       <./capitulo_04/imagen/tb/dispos_client.png>]
<./capitulo_04/imagen/tb/dahboard.png, id=1196, 767.86874pt x 593.96906pt>
File: ./capitulo_04/imagen/tb/dahboard.png Graphic file (type png)
<use ./capitulo_04/imagen/tb/dahboard.png>
Package pdftex.def Info: ./capitulo_04/imagen/tb/dahboard.png  used on input li
ne 411.
(pdftex.def)             Requested size: 390.0pt x 301.67854pt.


[53
pdfTeX warning (ext4): destination with the same identifier (name{figure.4.14})
 has been already used, duplicate ignored
<argument> ...shipout:D \box_use:N \l_shipout_box 
                                                  \__shipout_drop_firstpage_...
l.416 
       <./capitulo_04/imagen/tb/eleccionpanel.png>]
<./capitulo_04/imagen/tb/configuracion depanel.png, id=1203, 639.13782pt x 605.
26125pt>
File: ./capitulo_04/imagen/tb/configuracion depanel.png Graphic file (type png)

<use ./capitulo_04/imagen/tb/configuracion depanel.png>
Package pdftex.def Info: ./capitulo_04/imagen/tb/configuracion depanel.png  use
d on input line 423.
(pdftex.def)             Requested size: 319.56813pt x 302.62987pt.


[54
pdfTeX warning (ext4): destination with the same identifier (name{figure.4.15})
 has been already used, duplicate ignored
<argument> ...shipout:D \box_use:N \l_shipout_box 
                                                  \__shipout_drop_firstpage_...
l.428 
       <./capitulo_04/imagen/tb/dahboard.png>]
<./capitulo_04/imagen/tb/ruleengin.png, id=1210, 960.58875pt x 316.93407pt>
File: ./capitulo_04/imagen/tb/ruleengin.png Graphic file (type png)
<use ./capitulo_04/imagen/tb/ruleengin.png>
Package pdftex.def Info: ./capitulo_04/imagen/tb/ruleengin.png  used on input l
ine 437.
(pdftex.def)             Requested size: 390.0037pt x 195.00275pt.


[55
pdfTeX warning (ext4): destination with the same identifier (name{figure.4.16})
 has been already used, duplicate ignored
<argument> ...shipout:D \box_use:N \l_shipout_box 
                                                  \__shipout_drop_firstpage_...
l.442 
       <./capitulo_04/imagen/tb/configuracion depanel.png>]
<./capitulo_04/imagen/tb2/hel_integr.png, id=1221, 444.91219pt x 291.33844pt>
File: ./capitulo_04/imagen/tb2/hel_integr.png Graphic file (type png)
<use ./capitulo_04/imagen/tb2/hel_integr.png>
Package pdftex.def Info: ./capitulo_04/imagen/tb2/hel_integr.png  used on input
 line 462.
(pdftex.def)             Requested size: 272.99881pt x 178.7653pt.


[56
pdfTeX warning (ext4): destination with the same identifier (name{figure.4.17})
 has been already used, duplicate ignored
<argument> ...shipout:D \box_use:N \l_shipout_box 
                                                  \__shipout_drop_firstpage_...
l.467 
       <./capitulo_04/imagen/tb/ruleengin.png>]
<./capitulo_04/imagen/tb2/detalisconect.png, id=1233, 627.84563pt x 255.20343pt
>
File: ./capitulo_04/imagen/tb2/detalisconect.png Graphic file (type png)
<use ./capitulo_04/imagen/tb2/detalisconect.png>
Package pdftex.def Info: ./capitulo_04/imagen/tb2/detalisconect.png  used on in
put line 483.
(pdftex.def)             Requested size: 390.0pt x 158.52432pt.


[57
pdfTeX warning (ext4): destination with the same identifier (name{figure.4.18})
 has been already used, duplicate ignored
<argument> ...shipout:D \box_use:N \l_shipout_box 
                                                  \__shipout_drop_firstpage_...
l.488 
       <./capitulo_04/imagen/tb2/hel_integr.png>]
<./capitulo_04/imagen/tb2/flowconf.png, id=1241, 873.2625pt x 283.0575pt>
File: ./capitulo_04/imagen/tb2/flowconf.png Graphic file (type png)
<use ./capitulo_04/imagen/tb2/flowconf.png>
Package pdftex.def Info: ./capitulo_04/imagen/tb2/flowconf.png  used on input l
ine 502.
(pdftex.def)             Requested size: 390.0pt x 126.41153pt.


[58
pdfTeX warning (ext4): destination with the same identifier (name{figure.4.19})
 has been already used, duplicate ignored
<argument> ...shipout:D \box_use:N \l_shipout_box 
                                                  \__shipout_drop_firstpage_...
l.509 
      
pdfTeX warning (ext4): destination with the same identifier (name{figure.4.20})
 has been already used, duplicate ignored
<argument> ...shipout:D \box_use:N \l_shipout_box 
                                                  \__shipout_drop_firstpage_...
l.509 
       <./capitulo_04/imagen/tb2/detalisconect.png> <./capitulo_04/imagen/tb2/f
lowconf.png>]
<./capitulo_04/imagen/tb2/rout_conf.png, id=1252, 694.84593pt x 465.23813pt>
File: ./capitulo_04/imagen/tb2/rout_conf.png Graphic file (type png)
<use ./capitulo_04/imagen/tb2/rout_conf.png>
Package pdftex.def Info: ./capitulo_04/imagen/tb2/rout_conf.png  used on input 
line 516.
(pdftex.def)             Requested size: 390.0pt x 261.12077pt.


[59
pdfTeX warning (ext4): destination with the same identifier (name{figure.4.21})
 has been already used, duplicate ignored
<argument> ...shipout:D \box_use:N \l_shipout_box 
                                                  \__shipout_drop_firstpage_...
l.527 
       <./capitulo_04/imagen/tb2/rout_conf.png>]

Package hyperref Warning: Token not allowed in a PDF string (Unicode):
(hyperref)                removing `\acrshort' on input line 538.


Package hyperref Warning: Token not allowed in a PDF string (Unicode):
(hyperref)                removing `\acrshort' on input line 538.



[60]
<./capitulo_04/imagen/integracioncompleta.png, id=1278, 458.78067pt x 325.48267
pt>
File: ./capitulo_04/imagen/integracioncompleta.png Graphic file (type png)
<use ./capitulo_04/imagen/integracioncompleta.png>
Package pdftex.def Info: ./capitulo_04/imagen/integracioncompleta.png  used on 
input line 560.
(pdftex.def)             Requested size: 272.99881pt x 193.6919pt.


[61
pdfTeX warning (ext4): destination with the same identifier (name{figure.4.22})
 has been already used, duplicate ignored
<argument> ...shipout:D \box_use:N \l_shipout_box 
                                                  \__shipout_drop_firstpage_...
l.567 
       <./capitulo_04/imagen/integracioncompleta.png>]

[62]
<./capitulo_04/imagen/diagramacompleto.png, id=1314, 412.47433pt x 314.776pt>
File: ./capitulo_04/imagen/diagramacompleto.png Graphic file (type png)
<use ./capitulo_04/imagen/diagramacompleto.png>
Package pdftex.def Info: ./capitulo_04/imagen/diagramacompleto.png  used on inp
ut line 600.
(pdftex.def)             Requested size: 390.0pt x 297.62819pt.


[63]

[64
pdfTeX warning (ext4): destination with the same identifier (name{figure.4.23})
 has been already used, duplicate ignored
<argument> ...shipout:D \box_use:N \l_shipout_box 
                                                  \__shipout_drop_firstpage_...
l.616 
       <./capitulo_04/imagen/diagramacompleto.png>]
<./capitulo_04/imagen/disposicion.png, id=1328, 419.166pt x 349.305pt>
File: ./capitulo_04/imagen/disposicion.png Graphic file (type png)
<use ./capitulo_04/imagen/disposicion.png>
Package pdftex.def Info: ./capitulo_04/imagen/disposicion.png  used on input li
ne 624.
(pdftex.def)             Requested size: 234.00238pt x 195.00185pt.
<./capitulo_04/imagen/casebase.png, id=1330, 526.3665pt x 467.346pt>
File: ./capitulo_04/imagen/casebase.png Graphic file (type png)
<use ./capitulo_04/imagen/casebase.png>
Package pdftex.def Info: ./capitulo_04/imagen/casebase.png  used on input line 
640.
(pdftex.def)             Requested size: 234.00238pt x 207.76508pt.


[65
pdfTeX warning (ext4): destination with the same identifier (name{figure.4.24})
 has been already used, duplicate ignored
<argument> ...shipout:D \box_use:N \l_shipout_box 
                                                  \__shipout_drop_firstpage_...
l.645 
       <./capitulo_04/imagen/disposicion.png>]
<./capitulo_04/imagen/tapa.png, id=1337, 504.6855pt x 450.483pt>
File: ./capitulo_04/imagen/tapa.png Graphic file (type png)
<use ./capitulo_04/imagen/tapa.png>
Package pdftex.def Info: ./capitulo_04/imagen/tapa.png  used on input line 653.

(pdftex.def)             Requested size: 234.00238pt x 208.8744pt.


[66
pdfTeX warning (ext4): destination with the same identifier (name{figure.4.25})
 has been already used, duplicate ignored
<argument> ...shipout:D \box_use:N \l_shipout_box 
                                                  \__shipout_drop_firstpage_...
l.661 
      
pdfTeX warning (ext4): destination with the same identifier (name{figure.4.26})
 has been already used, duplicate ignored
<argument> ...shipout:D \box_use:N \l_shipout_box 
                                                  \__shipout_drop_firstpage_...
l.661 
       <./capitulo_04/imagen/casebase.png> <./capitulo_04/imagen/tapa.png>]
<./capitulo_04/imagen/rfidcaseblender.png, id=1346, 490.2315pt x 372.1905pt>
File: ./capitulo_04/imagen/rfidcaseblender.png Graphic file (type png)
<use ./capitulo_04/imagen/rfidcaseblender.png>
Package pdftex.def Info: ./capitulo_04/imagen/rfidcaseblender.png  used on inpu
t line 666.
(pdftex.def)             Requested size: 234.00238pt x 177.66122pt.
)

[67
pdfTeX warning (ext4): destination with the same identifier (name{figure.4.27})
 has been already used, duplicate ignored
<argument> ...shipout:D \box_use:N \l_shipout_box 
                                                  \__shipout_drop_firstpage_...
l.143 ...e{./capitulo_04/metodologia_y_desarrollo}
                                                   <./capitulo_04/imagen/rfidca
seblender.png>]
\openout2 = `./capitulo_05/resultados.aux'.

 (capitulo_05/resultados.tex
Cap\'{\i }tulo 5.


[68




]
<./capitulo_05/imagen/rfidprueba.png, id=1359, 551.81157pt x 242.40562pt>
File: ./capitulo_05/imagen/rfidprueba.png Graphic file (type png)
<use ./capitulo_05/imagen/rfidprueba.png>
Package pdftex.def Info: ./capitulo_05/imagen/rfidprueba.png  used on input lin
e 49.
(pdftex.def)             Requested size: 390.0pt x 171.32874pt.


[69]
Underfull \hbox (badness 10000) in paragraph at lines 65--65
[]|\OT1/cmr/bx/sc/12 Versi^^Son del
 []


Underfull \hbox (badness 10000) in paragraph at lines 65--65
[]|\OT1/cmr/bx/sc/12 Total de
 []


Underfull \hbox (badness 10000) in paragraph at lines 65--65
[]|\OT1/cmr/bx/sc/12 Pruebas
 []


Underfull \hbox (badness 10000) in paragraph at lines 65--65
[]|\OT1/cmr/bx/sc/12 Pruebas
 []



[70
pdfTeX warning (ext4): destination with the same identifier (name{figure.5.1}) 
has been already used, duplicate ignored
<argument> ...shipout:D \box_use:N \l_shipout_box 
                                                  \__shipout_drop_firstpage_...
l.79 
     
pdfTeX warning (ext4): destination with the same identifier (name{table.5.1}) h
as been already used, duplicate ignored
<argument> ...shipout:D \box_use:N \l_shipout_box 
                                                  \__shipout_drop_firstpage_...
l.79 
      <./capitulo_05/imagen/rfidprueba.png>]
<./capitulo_05/imagen/gnss.png, id=1374, 431.211pt x 187.902pt>
File: ./capitulo_05/imagen/gnss.png Graphic file (type png)
<use ./capitulo_05/imagen/gnss.png>
Package pdftex.def Info: ./capitulo_05/imagen/gnss.png  used on input line 94.
(pdftex.def)             Requested size: 390.0pt x 169.9503pt.


[71
pdfTeX warning (ext4): destination with the same identifier (name{figure.5.2}) 
has been already used, duplicate ignored
<argument> ...shipout:D \box_use:N \l_shipout_box 
                                                  \__shipout_drop_firstpage_...
l.103 
       <./capitulo_05/imagen/gnss.png>]
<./capitulo_05/imagen/googlemaps.png, id=1384, 534.798pt x 360.1455pt>
File: ./capitulo_05/imagen/googlemaps.png Graphic file (type png)
<use ./capitulo_05/imagen/googlemaps.png>
Package pdftex.def Info: ./capitulo_05/imagen/googlemaps.png  used on input lin
e 109.
(pdftex.def)             Requested size: 312.00119pt x 210.10999pt.
<./capitulo_05/imagen/telefono.jpg, id=1385, 650.43pt x 1209.318pt>
File: ./capitulo_05/imagen/telefono.jpg Graphic file (type jpg)
<use ./capitulo_05/imagen/telefono.jpg>
Package pdftex.def Info: ./capitulo_05/imagen/telefono.jpg  used on input line 
120.
(pdftex.def)             Requested size: 155.99762pt x 290.03926pt.


[72
pdfTeX warning (ext4): destination with the same identifier (name{figure.5.3}) 
has been already used, duplicate ignored
<argument> ...shipout:D \box_use:N \l_shipout_box 
                                                  \__shipout_drop_firstpage_...
l.125 
       <./capitulo_05/imagen/googlemaps.png>]
Underfull \hbox (badness 10000) in paragraph at lines 126--127

 []

<./capitulo_05/imagen/googleearth.png, id=1394, 556.32843pt x 352.31625pt>
File: ./capitulo_05/imagen/googleearth.png Graphic file (type png)
<use ./capitulo_05/imagen/googleearth.png>
Package pdftex.def Info: ./capitulo_05/imagen/googleearth.png  used on input li
ne 133.
(pdftex.def)             Requested size: 312.00119pt x 197.59142pt.


[73
pdfTeX warning (ext4): destination with the same identifier (name{figure.5.4}) 
has been already used, duplicate ignored
<argument> ...shipout:D \box_use:N \l_shipout_box 
                                                  \__shipout_drop_firstpage_...
l.137 
       <./capitulo_05/imagen/telefono.jpg>]
<./capitulo_05/imagen/calculad.png, id=1403, 191.9672pt x 402.00188pt>
File: ./capitulo_05/imagen/calculad.png Graphic file (type png)
<use ./capitulo_05/imagen/calculad.png>
Package pdftex.def Info: ./capitulo_05/imagen/calculad.png  used on input line 
145.
(pdftex.def)             Requested size: 117.00119pt x 245.01836pt.


[74
pdfTeX warning (ext4): destination with the same identifier (name{figure.5.5}) 
has been already used, duplicate ignored
<argument> ...shipout:D \box_use:N \l_shipout_box 
                                                  \__shipout_drop_firstpage_...
l.151 
      
pdfTeX warning (ext4): destination with the same identifier (name{figure.5.6}) 
has been already used, duplicate ignored
<argument> ...shipout:D \box_use:N \l_shipout_box 
                                                  \__shipout_drop_firstpage_...
l.151 
       <./capitulo_05/imagen/googleearth.png> <./capitulo_05/imagen/calculad.pn
g>]
<./capitulo_05/imagen/variascoord.png, id=1412, 776.9025pt x 355.3275pt>
File: ./capitulo_05/imagen/variascoord.png Graphic file (type png)
<use ./capitulo_05/imagen/variascoord.png>
Package pdftex.def Info: ./capitulo_05/imagen/variascoord.png  used on input li
ne 156.
(pdftex.def)             Requested size: 350.99762pt x 160.53566pt.
<./capitulo_05/imagen/uplink.png, id=1415, 911.20425pt x 130.086pt>
File: ./capitulo_05/imagen/uplink.png Graphic file (type png)
<use ./capitulo_05/imagen/uplink.png>
Package pdftex.def Info: ./capitulo_05/imagen/uplink.png  used on input line 16
9.
(pdftex.def)             Requested size: 390.0pt x 55.67783pt.


[75
pdfTeX warning (ext4): destination with the same identifier (name{figure.5.7}) 
has been already used, duplicate ignored
<argument> ...shipout:D \box_use:N \l_shipout_box 
                                                  \__shipout_drop_firstpage_...
l.176 
      
pdfTeX warning (ext4): destination with the same identifier (name{figure.5.8}) 
has been already used, duplicate ignored
<argument> ...shipout:D \box_use:N \l_shipout_box 
                                                  \__shipout_drop_firstpage_...
l.176 
       <./capitulo_05/imagen/variascoord.png> <./capitulo_05/imagen/uplink.png>
]
<./capitulo_05/imagen/hostpot.png, id=1424, 901.56825pt x 119.2455pt>
File: ./capitulo_05/imagen/hostpot.png Graphic file (type png)
<use ./capitulo_05/imagen/hostpot.png>
Package pdftex.def Info: ./capitulo_05/imagen/hostpot.png  used on input line 1
81.
(pdftex.def)             Requested size: 390.0pt x 51.58205pt.
<./capitulo_05/imagen/Coverage.png, id=1428, 555.87675pt x 210.18526pt>
File: ./capitulo_05/imagen/Coverage.png Graphic file (type png)
<use ./capitulo_05/imagen/Coverage.png>
Package pdftex.def Info: ./capitulo_05/imagen/Coverage.png  used on input line 
193.
(pdftex.def)             Requested size: 390.0pt x 147.46222pt.
<./capitulo_04/imagen/maps.png, id=1429, 1441.63594pt x 680.5425pt>
File: ./capitulo_04/imagen/maps.png Graphic file (type png)
<use ./capitulo_04/imagen/maps.png>
Package pdftex.def Info: ./capitulo_04/imagen/maps.png  used on input line 203.

(pdftex.def)             Requested size: 390.0pt x 184.10199pt.


[76
pdfTeX warning (ext4): destination with the same identifier (name{figure.5.9}) 
has been already used, duplicate ignored
<argument> ...shipout:D \box_use:N \l_shipout_box 
                                                  \__shipout_drop_firstpage_...
l.208 
      
pdfTeX warning (ext4): destination with the same identifier (name{figure.5.10})
 has been already used, duplicate ignored
<argument> ...shipout:D \box_use:N \l_shipout_box 
                                                  \__shipout_drop_firstpage_...
l.208 
       <./capitulo_05/imagen/hostpot.png> <./capitulo_05/imagen/Coverage.png>]
<./capitulo_05/imagen/payload.png, id=1438, 378.81525pt x 272.81924pt>
File: ./capitulo_05/imagen/payload.png Graphic file (type png)
<use ./capitulo_05/imagen/payload.png>
Package pdftex.def Info: ./capitulo_05/imagen/payload.png  used on input line 2
18.
(pdftex.def)             Requested size: 390.0pt x 280.87373pt.


[77
pdfTeX warning (ext4): destination with the same identifier (name{figure.5.11})
 has been already used, duplicate ignored
<argument> ...shipout:D \box_use:N \l_shipout_box 
                                                  \__shipout_drop_firstpage_...
l.224 
       <./capitulo_04/imagen/maps.png>]
<./capitulo_05/imagen/base64a.png, id=1449, 893.58844pt x 243.15843pt>
File: ./capitulo_05/imagen/base64a.png Graphic file (type png)
<use ./capitulo_05/imagen/base64a.png>
Package pdftex.def Info: ./capitulo_05/imagen/base64a.png  used on input line 2
38.
(pdftex.def)             Requested size: 390.0pt x 106.12553pt.


[78
pdfTeX warning (ext4): destination with the same identifier (name{figure.5.12})
 has been already used, duplicate ignored
<argument> ...shipout:D \box_use:N \l_shipout_box 
                                                  \__shipout_drop_firstpage_...
l.243 
       <./capitulo_05/imagen/payload.png>]
<./capitulo_05/imagen/base64b.png, id=1457, 902.6222pt x 234.1247pt>
File: ./capitulo_05/imagen/base64b.png Graphic file (type png)
<use ./capitulo_05/imagen/base64b.png>
Package pdftex.def Info: ./capitulo_05/imagen/base64b.png  used on input line 2
48.
(pdftex.def)             Requested size: 390.0pt x 101.16107pt.
<./capitulo_05/imagen/resmon/mapa2.png, id=1459, 484.05844pt x 508.90125pt>
File: ./capitulo_05/imagen/resmon/mapa2.png Graphic file (type png)
<use ./capitulo_05/imagen/resmon/mapa2.png>
Package pdftex.def Info: ./capitulo_05/imagen/resmon/mapa2.png  used on input l
ine 264.
(pdftex.def)             Requested size: 272.99881pt x 287.02501pt.


[79
pdfTeX warning (ext4): destination with the same identifier (name{figure.5.13})
 has been already used, duplicate ignored
<argument> ...shipout:D \box_use:N \l_shipout_box 
                                                  \__shipout_drop_firstpage_...
l.269 \subsubsection
                    {Almacenamiento en tablas de series temporales}
pdfTeX warning (ext4): destination with the same identifier (name{figure.5.14})
 has been already used, duplicate ignored
<argument> ...shipout:D \box_use:N \l_shipout_box 
                                                  \__shipout_drop_firstpage_...
l.269 \subsubsection
                    {Almacenamiento en tablas de series temporales} <./capitulo
_05/imagen/base64a.png> <./capitulo_05/imagen/base64b.png>]
<./capitulo_05/imagen/resmon/timeserie.png, id=1469, 514.17094pt x 469.00218pt>

File: ./capitulo_05/imagen/resmon/timeserie.png Graphic file (type png)
<use ./capitulo_05/imagen/resmon/timeserie.png>
Package pdftex.def Info: ./capitulo_05/imagen/resmon/timeserie.png  used on inp
ut line 277.
(pdftex.def)             Requested size: 292.5pt x 266.80444pt.


[80
pdfTeX warning (ext4): destination with the same identifier (name{figure.5.15})
 has been already used, duplicate ignored
<argument> ...shipout:D \box_use:N \l_shipout_box 
                                                  \__shipout_drop_firstpage_...
l.282 \subsubsection
                    {Pruebas de decodificaci√≥n y transformaci√≥n de datos} <./
capitulo_05/imagen/resmon/mapa2.png>]

[81
pdfTeX warning (ext4): destination with the same identifier (name{figure.5.16})
 has been already used, duplicate ignored
<argument> ...shipout:D \box_use:N \l_shipout_box 
                                                  \__shipout_drop_firstpage_...
l.293     \item M
                 ensajes de 8 \textit{bytes} correspond√≠an a telemetr√≠as d...
 <./capitulo_05/imagen/resmon/timeserie.png>]
<./capitulo_05/imagen/resmon/64to (1).png, id=1484, 788.19469pt x 329.73187pt>
File: ./capitulo_05/imagen/resmon/64to (1).png Graphic file (type png)
<use ./capitulo_05/imagen/resmon/64to (1).png>
Package pdftex.def Info: ./capitulo_05/imagen/resmon/64to (1).png  used on inpu
t line 305.
(pdftex.def)             Requested size: 394.09637pt x 164.86552pt.

Overfull \hbox (4.09637pt too wide) in paragraph at lines 305--306
 [] 
 []

<./capitulo_05/imagen/resmon/hextto (1).png, id=1485, 819.06pt x 395.97937pt>
File: ./capitulo_05/imagen/resmon/hextto (1).png Graphic file (type png)
<use ./capitulo_05/imagen/resmon/hextto (1).png>
Package pdftex.def Info: ./capitulo_05/imagen/resmon/hextto (1).png  used on in
put line 317.
(pdftex.def)             Requested size: 409.52899pt x 197.9892pt.

Overfull \hbox (19.52899pt too wide) in paragraph at lines 317--318
 [] 
 []



[82
pdfTeX warning (ext4): destination with the same identifier (name{figure.5.17})
 has been already used, duplicate ignored
<argument> ...shipout:D \box_use:N \l_shipout_box 
                                                  \__shipout_drop_firstpage_...
l.322 
       <./capitulo_05/imagen/resmon/64to (1).png>]
<./capitulo_05/imagen/resmon/mosquitt.png, id=1492, 663.6795pt x 254.1495pt>
File: ./capitulo_05/imagen/resmon/mosquitt.png Graphic file (type png)
<use ./capitulo_05/imagen/resmon/mosquitt.png>
Package pdftex.def Info: ./capitulo_05/imagen/resmon/mosquitt.png  used on inpu
t line 332.
(pdftex.def)             Requested size: 390.0pt x 149.34969pt.


[83
pdfTeX warning (ext4): destination with the same identifier (name{figure.5.18})
 has been already used, duplicate ignored
<argument> ...shipout:D \box_use:N \l_shipout_box 
                                                  \__shipout_drop_firstpage_...
l.341 
      
pdfTeX warning (ext4): destination with the same identifier (name{figure.5.19})
 has been already used, duplicate ignored
<argument> ...shipout:D \box_use:N \l_shipout_box 
                                                  \__shipout_drop_firstpage_...
l.341 
       <./capitulo_05/imagen/resmon/hextto (1).png> <./capitulo_05/imagen/resmo
n/mosquitt.png>]
<./capitulo_05/imagen/resmon/integra2c.png, id=1500, 678.1335pt x 381.22424pt>
File: ./capitulo_05/imagen/resmon/integra2c.png Graphic file (type png)
<use ./capitulo_05/imagen/resmon/integra2c.png>
Package pdftex.def Info: ./capitulo_05/imagen/resmon/integra2c.png  used on inp
ut line 346.
(pdftex.def)             Requested size: 350.99762pt x 197.31865pt.


[84
pdfTeX warning (ext4): destination with the same identifier (name{figure.5.20})
 has been already used, duplicate ignored
<argument> ...shipout:D \box_use:N \l_shipout_box 
                                                  \__shipout_drop_firstpage_...
l.362 \subsubsection
                     {Primera Prueba: Comunicaci√≥n entre las placas de desa...
 <./capitulo_05/imagen/resmon/integra2c.png>]

[85]
Underfull \hbox (badness 10000) in paragraph at lines 390--390
[]|\OT1/cmr/bx/sc/12 Versi^^Son del
 []


Underfull \hbox (badness 10000) in paragraph at lines 390--390
[]|\OT1/cmr/bx/sc/12 Total de
 []


Underfull \hbox (badness 10000) in paragraph at lines 390--390
[]|\OT1/cmr/bx/sc/12 Pruebas
 []


Underfull \hbox (badness 10000) in paragraph at lines 390--390
[]|\OT1/cmr/bx/sc/12 Pruebas
 []

<./capitulo_05/imagen/uid.png, id=1518, 984.0765pt x 257.763pt>
File: ./capitulo_05/imagen/uid.png Graphic file (type png)
<use ./capitulo_05/imagen/uid.png>
Package pdftex.def Info: ./capitulo_05/imagen/uid.png  used on input line 407.
(pdftex.def)             Requested size: 390.0pt x 102.15155pt.
<./capitulo_05/imagen/coord.png, id=1519, 1020.2115pt x 211.38976pt>
File: ./capitulo_05/imagen/coord.png Graphic file (type png)
<use ./capitulo_05/imagen/coord.png>
Package pdftex.def Info: ./capitulo_05/imagen/coord.png  used on input line 417
.
(pdftex.def)             Requested size: 390.0pt x 80.80954pt.


[86
pdfTeX warning (ext4): destination with the same identifier (name{table.5.2}) h
as been already used, duplicate ignored
<argument> ...shipout:D \box_use:N \l_shipout_box 
                                                  \__shipout_drop_firstpage_...
l.422 
      
pdfTeX warning (ext4): destination with the same identifier (name{figure.5.21})
 has been already used, duplicate ignored
<argument> ...shipout:D \box_use:N \l_shipout_box 
                                                  \__shipout_drop_firstpage_...
l.422 
       <./capitulo_05/imagen/uid.png>]
<./capitulo_05/imagen/diagramaesquematico.png, id=1526, 806.01125pt x 516.93124
pt>
File: ./capitulo_05/imagen/diagramaesquematico.png Graphic file (type png)
<use ./capitulo_05/imagen/diagramaesquematico.png>
Package pdftex.def Info: ./capitulo_05/imagen/diagramaesquematico.png  used on 
input line 439.
(pdftex.def)             Requested size: 272.99881pt x 175.08383pt.


[87
pdfTeX warning (ext4): destination with the same identifier (name{figure.5.22})
 has been already used, duplicate ignored
<argument> ...shipout:D \box_use:N \l_shipout_box 
                                                  \__shipout_drop_firstpage_...
l.444 
       <./capitulo_05/imagen/coord.png>]

[88
pdfTeX warning (ext4): destination with the same identifier (name{figure.5.23})
 has been already used, duplicate ignored
<argument> ...shipout:D \box_use:N \l_shipout_box 
                                                  \__shipout_drop_firstpage_...
l.457 
       <./capitulo_05/imagen/diagramaesquematico.png>]
<./capitulo_05/imagen/mapa1.png, id=1538, 1017.8025pt x 511.9125pt>
File: ./capitulo_05/imagen/mapa1.png Graphic file (type png)
<use ./capitulo_05/imagen/mapa1.png>
Package pdftex.def Info: ./capitulo_05/imagen/mapa1.png  used on input line 462
.
(pdftex.def)             Requested size: 390.0pt x 196.15349pt.

Underfull \hbox (badness 10000) in paragraph at lines 479--479
\OT1/cmr/bx/sc/12 Prue-
 []


Overfull \hbox (6.39203pt too wide) in paragraph at lines 479--479
[]|\OT1/cmr/bx/sc/12 Autenticaci^^Son
 []


Underfull \hbox (badness 10000) in paragraph at lines 479--479
[]|\OT1/cmr/bx/sc/12 Conexi^^Son
 []


Underfull \hbox (badness 10000) in paragraph at lines 479--479
\OT1/cmr/bx/sc/12 a Lo-Ra-
 []


Overfull \hbox (3.20386pt too wide) in paragraph at lines 479--479
[]|\OT1/cmr/bx/sc/12 Transmisi^^Son
 []


Overfull \hbox (13.42891pt too wide) in paragraph at lines 477--490
 [][] 
 []



[89
pdfTeX warning (ext4): destination with the same identifier (name{figure.5.24})
 has been already used, duplicate ignored
<argument> ...shipout:D \box_use:N \l_shipout_box 
                                                  \__shipout_drop_firstpage_...
l.491 
       <./capitulo_05/imagen/mapa1.png>]

[90
pdfTeX warning (ext4): destination with the same identifier (name{table.5.3}) h
as been already used, duplicate ignored
<argument> ...shipout:D \box_use:N \l_shipout_box 
                                                  \__shipout_drop_firstpage_...
l.500     \item \textbf
                       {Corte de energ√≠a al alejar la tarjeta:} En el 100\%...
]

[91]
<./capitulo_05/imagen/montajecompleto.jpg, id=1556, 1445.4pt x 1084.05pt>
File: ./capitulo_05/imagen/montajecompleto.jpg Graphic file (type jpg)
<use ./capitulo_05/imagen/montajecompleto.jpg>
Package pdftex.def Info: ./capitulo_05/imagen/montajecompleto.jpg  used on inpu
t line 530.
(pdftex.def)             Requested size: 272.99881pt x 204.74759pt.
<./capitulo_05/imagen/montajecompleto1.jpg, id=1559, 1445.4pt x 1084.05pt>
File: ./capitulo_05/imagen/montajecompleto1.jpg Graphic file (type jpg)
<use ./capitulo_05/imagen/montajecompleto1.jpg>
Package pdftex.def Info: ./capitulo_05/imagen/montajecompleto1.jpg  used on inp
ut line 542.
(pdftex.def)             Requested size: 272.99881pt x 204.74759pt.


[92
pdfTeX warning (ext4): destination with the same identifier (name{figure.5.25})
 has been already used, duplicate ignored
<argument> ...shipout:D \box_use:N \l_shipout_box 
                                                  \__shipout_drop_firstpage_...
l.547 
       <./capitulo_05/imagen/montajecompleto.jpg>]
<./capitulo_05/imagen/caserfid.jpg, id=1565, 1445.4pt x 1084.05pt>
File: ./capitulo_05/imagen/caserfid.jpg Graphic file (type jpg)
<use ./capitulo_05/imagen/caserfid.jpg>
Package pdftex.def Info: ./capitulo_05/imagen/caserfid.jpg  used on input line 
552.
(pdftex.def)             Requested size: 234.00238pt x 175.48611pt.
<./capitulo_05/imagen/prototipofinalmontado.jpg, id=1568, 650.43pt x 867.24pt>
File: ./capitulo_05/imagen/prototipofinalmontado.jpg Graphic file (type jpg)
<use ./capitulo_05/imagen/prototipofinalmontado.jpg>
Package pdftex.def Info: ./capitulo_05/imagen/prototipofinalmontado.jpg  used o
n input line 564.
(pdftex.def)             Requested size: 195.0pt x 260.00198pt.


[93
pdfTeX warning (ext4): destination with the same identifier (name{figure.5.26})
 has been already used, duplicate ignored
<argument> ...shipout:D \box_use:N \l_shipout_box 
                                                  \__shipout_drop_firstpage_...
l.569 
      
pdfTeX warning (ext4): destination with the same identifier (name{figure.5.27})
 has been already used, duplicate ignored
<argument> ...shipout:D \box_use:N \l_shipout_box 
                                                  \__shipout_drop_firstpage_...
l.569 
       <./capitulo_05/imagen/montajecompleto1.jpg> <./capitulo_05/imagen/caserf
id.jpg>]
Underfull \hbox (badness 10000) in paragraph at lines 574--575

 []


Underfull \hbox (badness 10000) in paragraph at lines 578--579

 []



[94
pdfTeX warning (ext4): destination with the same identifier (name{figure.5.28})
 has been already used, duplicate ignored
<argument> ...shipout:D \box_use:N \l_shipout_box 
                                                  \__shipout_drop_firstpage_...
l.579 
       <./capitulo_05/imagen/prototipofinalmontado.jpg>]
<./capitulo_05/imagen/resulfin.png, id=1579, 1006.51031pt x 504.38437pt>
File: ./capitulo_05/imagen/resulfin.png Graphic file (type png)
<use ./capitulo_05/imagen/resulfin.png>
Package pdftex.def Info: ./capitulo_05/imagen/resulfin.png  used on input line 
586.
(pdftex.def)             Requested size: 390.0pt x 195.43152pt.
)

[95
pdfTeX warning (ext4): destination with the same identifier (name{figure.5.29})
 has been already used, duplicate ignored
<argument> ...shipout:D \box_use:N \l_shipout_box 
                                                  \__shipout_drop_firstpage_...
l.144 \include{./capitulo_05/resultados}
                                         <./capitulo_05/imagen/resulfin.png>]
\openout2 = `./capitulo_06/discusion.aux'.


(capitulo_06/discusion.tex
Cap\'{\i }tulo 6.

Underfull \hbox (badness 10000) in paragraph at lines 9--10

 []



[96




]

[97])

[98]
No file tfg.gls.


[99



]
\openout2 = `./anexos/anexo.aux'.


No file ./anexos/anexo.tex.
(tfg.bbl
Overfull \hbox (6.37927pt too wide) in paragraph at lines 60--65
\OT1/cmr/m/n/12 anuario-[]estad-[]stico-[]2019-[]estad-[]sticas-[]policiales-[]
y-[]accidentes-[]de-[]tr-[]nsito /
 []


Underfull \hbox (badness 1253) in paragraph at lines 68--72
[]\OT1/cmr/m/n/12 A. N. de Tr^^Sansi-to y Se-gu-ri-dad Vial (AN-TSV).
 []


Underfull \hbox (badness 1210) in paragraph at lines 68--72
\OT1/cmr/m/n/12 la-ble: []$https : / / www . antsv . gov . py / application / ^
^Lles / 8716 / 6004 / 9458 /
 []



[100






]

[101]
Underfull \hbox (badness 10000) in paragraph at lines 152--155
[]\OT1/cmr/m/n/12 T. T. Net-work, ``Fre-quency plans | the things net-
 []


Underfull \hbox (badness 10000) in paragraph at lines 152--155
\OT1/cmr/m/n/12 work,'' 2020, the Things Net-work. Dis-po-ni-ble en:
 []


Underfull \hbox (badness 10000) in paragraph at lines 161--163
[]\OT1/cmr/m/n/12 Semtech, ``Lo-ra phy | sem-tech,'' 2021, dis-po-ni-ble en:
 []



[102]
Underfull \hbox (badness 2626) in paragraph at lines 217--222
[]\OT1/cmr/m/n/12 Mohammad, Gou-se, Shitharth, S. Syed, Dug-ya-la, Ra-man, Rao,

 []


Overfull \hbox (25.76657pt too wide) in paragraph at lines 239--243
\OT1/cmr/m/n/12 la-[]gestion-[]de-[]la-[]entrega-[]de-[]servicios-[]optimizando
-[]la-[]satisfaccion-[]del-[]cliente/$[] 
 []



[103]
Underfull \hbox (badness 1137) in paragraph at lines 314--316
[]\OT1/cmr/m/n/12 E. Sys-tems, ``Esp32-wroom-32, da-tasheet,'' 2019, [On-li-ne]
. Avai-la-
 []


Underfull \hbox (badness 4108) in paragraph at lines 314--316
\OT1/cmr/m/n/12 ble: []$https : / / pdf1 . alldatasheet . com / datasheet-[]pdf
 / download / 1179101 /
 []



[104]

[105]
Underfull \hbox (badness 2126) in paragraph at lines 437--442
[]\OT1/cmr/m/n/12 O. Cal-cu-la-tor, ``Cal-cu-la-do-ra de dis-tan-cia en-tre coo
r-de-na-das (la-
 []


Underfull \hbox (badness 10000) in paragraph at lines 437--442
\OT1/cmr/m/n/12 ti-tud y lon-gi-tud),'' []$https : / / www . omnicalculator . c
om / es / otros /
 []


Underfull \hbox (badness 6675) in paragraph at lines 437--442
\OT1/cmr/m/n/12 calculadora-[]latitud-[]longitud-[]distancia$[], 2024, he-rra-m
ien-ta uti-li-za-da
 []


Underfull \hbox (badness 1924) in paragraph at lines 457--460
\OT1/cmr/m/n/12 la-ble: []$https : / / www . scadacore . com / tools / programm
ing-[]calculators /
 []

)

[106] (tfg.aux
LaTeX Info: Redefining \. on input line 18.
LaTeX Info: Redefining \% on input line 18.
 (portada_y_ficha_catalografica/portada_y_ficha_catalografica.aux) (epigrafe/ep
igrafe.aux) (capitulo_01/introduccion.aux)
(capitulo_02/marco_teorico.aux) (capitulo_03/tecnologias_utilizadas.aux)
(capitulo_04/metodologia_y_desarrollo.aux) (capitulo_05/resultados.aux)
(capitulo_06/discusion.aux) (anexos/anexo.aux))
 ***********
LaTeX2e <2024-11-01> patch level 2
L3 programming layer <2025-01-18>
 ***********


LaTeX Font Warning: Some font shapes were not available, defaults substituted.


LaTeX Warning: There were undefined references.


LaTeX Warning: Label(s) may have changed. Rerun to get cross-references right.


Package rerunfilecheck Warning: File `tfg.out' has changed.
(rerunfilecheck)                Rerun to get outlines right
(rerunfilecheck)                or use package `bookmark'.

Package rerunfilecheck Info: Checksums for `tfg.out':
(rerunfilecheck)             Before: 983461DEFB00F0875CC9C72AA5D7A66C;22973
(rerunfilecheck)             After:  005AFFA042C8BE1565353D4BF3B364D3;22054.
 )
(\end occurred inside a group at level 1)

### simple group (level 1) entered at line 47 ({)
### bottom level 
Here is how much of TeX's memory you used:
 25401 strings out of 473523
 508613 string characters out of 5714146
 939907 words of memory out of 5000000
 47830 multiletter control sequences out of 15000+600000
 569205 words of font info for 72 fonts, out of 8000000 for 9000
 1141 hyphenation exceptions out of 8191
 75i,12n,79p,2473b,1023s stack positions out of 10000i,1000n,20000p,200000b,200000s

pdfTeX warning (dest): name{glo:appskey-acronym} has been referenced but does n
ot exist, replaced by a fixed one


pdfTeX warning (dest): name{glo:nwkskey-acronym} has been referenced but does n
ot exist, replaced by a fixed one


pdfTeX warning (dest): name{glo:appkey-acronym} has been referenced but does no
t exist, replaced by a fixed one


pdfTeX warning (dest): name{glo:otaa-glossary} has been referenced but does not
 exist, replaced by a fixed one


pdfTeX warning (dest): name{glo:otaa-acronym} has been referenced but does not 
exist, replaced by a fixed one


pdfTeX warning (dest): name{glo:rtos} has been referenced but does not exist, r
eplaced by a fixed one


pdfTeX warning (dest): name{table.3.7} has been referenced but does not exist, 
replaced by a fixed one


pdfTeX warning (dest): name{figure.3.11} has been referenced but does not exist
, replaced by a fixed one


pdfTeX warning (dest): name{table.3.6} has been referenced but does not exist, 
replaced by a fixed one


pdfTeX warning (dest): name{table.3.5} has been referenced but does not exist, 
replaced by a fixed one


pdfTeX warning (dest): name{figure.3.10} has been referenced but does not exist
, replaced by a fixed one


pdfTeX warning (dest): name{table.3.4} has been referenced but does not exist, 
replaced by a fixed one


pdfTeX warning (dest): name{figure.3.9} has been referenced but does not exist,
 replaced by a fixed one


pdfTeX warning (dest): name{figure.3.8} has been referenced but does not exist,
 replaced by a fixed one


pdfTeX warning (dest): name{figure.3.7} has been referenced but does not exist,
 replaced by a fixed one


pdfTeX warning (dest): name{figure.3.6} has been referenced but does not exist,
 replaced by a fixed one


pdfTeX warning (dest): name{figure.3.5} has been referenced but does not exist,
 replaced by a fixed one


pdfTeX warning (dest): name{figure.3.4} has been referenced but does not exist,
 replaced by a fixed one


pdfTeX warning (dest): name{figure.3.3} has been referenced but does not exist,
 replaced by a fixed one


pdfTeX warning (dest): name{glo:rfid-acronym} has been referenced but does not 
exist, replaced by a fixed one


pdfTeX warning (dest): name{glo:gnss-acronym} has been referenced but does not 
exist, replaced by a fixed one


pdfTeX warning (dest): name{glo:loraw} has been referenced but does not exist, 
replaced by a fixed one


pdfTeX warning (dest): name{subsection.3.2.5} has been referenced but does not 
exist, replaced by a fixed one


pdfTeX warning (dest): name{subsection.3.2.4} has been referenced but does not 
exist, replaced by a fixed one


pdfTeX warning (dest): name{subsection.3.2.3} has been referenced but does not 
exist, replaced by a fixed one


pdfTeX warning (dest): name{subsection.3.1.4} has been referenced but does not 
exist, replaced by a fixed one


pdfTeX warning (dest): name{subsection.3.1.3} has been referenced but does not 
exist, replaced by a fixed one


pdfTeX warning (dest): name{subsection.3.1.2} has been referenced but does not 
exist, replaced by a fixed one

 <C:\Users\Matias\AppData\Local\MiKTeX\fonts/pk/ljfour/jknappen/ec/dpi600\tcbx1
200.pk> <C:\Users\Matias\AppData\Local\MiKTeX\fonts/pk/ljfour/jknappen/ec/dpi60
0\tcti1200.pk> <C:\Users\Matias\AppData\Local\MiKTeX\fonts/pk/ljfour/jknappen/e
c/dpi600\tcbx1440.pk> <C:\Users\Matias\AppData\Local\MiKTeX\fonts/pk/ljfour/jkn
appen/ec/dpi600\tcrm1200.pk><C:/Users/Matias/AppData/Local/Programs/MiKTeX/font
s/type1/public/amsfonts/cm/cmbx12.pfb><C:/Users/Matias/AppData/Local/Programs/M
iKTeX/fonts/type1/public/amsfonts/cm/cmbx8.pfb><C:/Users/Matias/AppData/Local/P
rograms/MiKTeX/fonts/type1/public/amsfonts/cm/cmbxti10.pfb><C:/Users/Matias/App
Data/Local/Programs/MiKTeX/fonts/type1/public/amsfonts/cm/cmcsc10.pfb><C:/Users
/Matias/AppData/Local/Programs/MiKTeX/fonts/type1/public/amsfonts/cm/cmmi12.pfb
><C:/Users/Matias/AppData/Local/Programs/MiKTeX/fonts/type1/public/amsfonts/cm/
cmr12.pfb><C:/Users/Matias/AppData/Local/Programs/MiKTeX/fonts/type1/public/ams
fonts/cm/cmti12.pfb><C:/Users/Matias/AppData/Local/Programs/MiKTeX/fonts/type1/
public/amsfonts/cm/cmtt12.pfb>
Output written on tfg.pdf (118 pages, 8964245 bytes).
PDF statistics:
 1921 PDF objects out of 2073 (max. 8388607)
 440 named destinations out of 1000 (max. 500000)
 1159 words of extra memory for PDF output out of 10000 (max. 10000000)

