\BOOKMARK [0][-]{chapter*.2}{\376\377\000\315\000n\000d\000i\000c\000e\000\040\000d\000e\000\040\000F\000i\000g\000u\000r\000a\000s}{}% 1
\BOOKMARK [0][-]{chapter*.3}{\376\377\000\315\000n\000d\000i\000c\000e\000\040\000d\000e\000\040\000T\000a\000b\000l\000a\000s}{}% 2
\BOOKMARK [0][-]{chapter*.3}{\376\377\000A\000c\000r\000\363\000n\000i\000m\000o\000s\000\040\000y\000\040\000s\000\355\000m\000b\000o\000l\000o\000s}{}% 3
\BOOKMARK [0][-]{chapter.1}{\376\377\000I\000n\000t\000r\000o\000d\000u\000c\000c\000i\000\363\000n}{}% 4
\BOOKMARK [1][-]{section.1.1}{\376\377\000M\000o\000t\000i\000v\000a\000c\000i\000\363\000n}{chapter.1}% 5
\BOOKMARK [1][-]{section.1.2}{\376\377\000D\000e\000f\000i\000n\000i\000c\000i\000\363\000n\000\040\000d\000e\000l\000\040\000p\000r\000o\000b\000l\000e\000m\000a}{chapter.1}% 6
\BOOKMARK [1][-]{section.1.3}{\376\377\000O\000b\000j\000e\000t\000i\000v\000o\000s}{chapter.1}% 7
\BOOKMARK [2][-]{subsection.1.3.1}{\376\377\000O\000b\000j\000e\000t\000i\000v\000o\000\040\000G\000e\000n\000e\000r\000a\000l}{section.1.3}% 8
\BOOKMARK [2][-]{subsection.1.3.2}{\376\377\000O\000b\000j\000e\000t\000i\000v\000o\000s\000\040\000E\000s\000p\000e\000c\000\355\000f\000i\000c\000o\000s}{section.1.3}% 9
\BOOKMARK [1][-]{section.1.4}{\376\377\000H\000i\000p\000\363\000t\000e\000s\000i\000s}{chapter.1}% 10
\BOOKMARK [1][-]{section.1.5}{\376\377\000J\000u\000s\000t\000i\000f\000i\000c\000a\000c\000i\000\363\000n}{chapter.1}% 11
\BOOKMARK [1][-]{section.1.6}{\376\377\000D\000e\000l\000i\000m\000i\000t\000a\000c\000i\000\363\000n\000\040\000d\000e\000l\000\040\000a\000l\000c\000a\000n\000c\000e\000\040\000d\000e\000l\000\040\000t\000r\000a\000b\000a\000j\000o}{chapter.1}% 12
\BOOKMARK [0][-]{chapter.2}{\376\377\000C\000o\000n\000c\000e\000p\000t\000o\000s\000\040\000f\000u\000n\000d\000a\000m\000e\000n\000t\000a\000l\000e\000s\000,\000\040\000t\000e\000o\000r\000\355\000a\000\040\000y\000\040\000a\000n\000t\000e\000c\000e\000d\000e\000n\000t\000e\000s}{}% 13
\BOOKMARK [1][-]{section.2.1}{\376\377\000I\000n\000t\000e\000l\000i\000g\000e\000n\000c\000i\000a\000\040\000A\000r\000t\000i\000f\000i\000c\000i\000a\000l}{chapter.2}% 14
\BOOKMARK [2][-]{subsection.2.1.1}{\376\377\000E\000v\000o\000l\000u\000c\000i\000\363\000n\000\040\000h\000i\000s\000t\000\363\000r\000i\000c\000a}{section.2.1}% 15
\BOOKMARK [2][-]{subsection.2.1.2}{\376\377\000C\000o\000n\000c\000e\000p\000t\000o\000\040\000d\000e\000\040\000i\000n\000t\000e\000l\000i\000g\000e\000n\000c\000i\000a\000\040\000a\000r\000t\000i\000f\000i\000c\000i\000a\000l}{section.2.1}% 16
\BOOKMARK [2][-]{subsection.2.1.3}{\376\377\000M\000o\000d\000e\000l\000o\000s\000\040\000d\000e\000\040\000I\000n\000t\000e\000l\000i\000g\000e\000n\000c\000i\000a\000\040\000A\000r\000t\000i\000f\000i\000c\000i\000a\000l}{section.2.1}% 17
\BOOKMARK [1][-]{section.2.2}{\376\377\000Y\000O\000L\000O\000\040\000\050\000Y\000o\000u\000\040\000O\000n\000l\000y\000\040\000L\000o\000o\000k\000\040\000O\000n\000c\000e\000\051}{chapter.2}% 18
\BOOKMARK [2][-]{subsection.2.2.1}{\376\377\000C\000o\000n\000c\000e\000p\000t\000o}{section.2.2}% 19
\BOOKMARK [2][-]{subsection.2.2.2}{\376\377\000C\000a\000r\000a\000c\000t\000e\000r\000\355\000s\000t\000i\000c\000a\000s}{section.2.2}% 20
\BOOKMARK [2][-]{subsection.2.2.3}{\376\377\000A\000r\000q\000u\000i\000t\000e\000c\000t\000u\000r\000a\000\040\000d\000e\000\040\000Y\000O\000L\000O\000v\0001\0001}{section.2.2}% 21
\BOOKMARK [2][-]{subsection.2.2.4}{\376\377\000A\000r\000q\000u\000i\000t\000e\000c\000t\000u\000r\000a\000\040\000d\000e\000\040\000Y\000O\000L\000O\000v\0001\0002}{section.2.2}% 22
\BOOKMARK [1][-]{section.2.3}{\376\377\000V\000i\000s\000i\000\363\000n\000\040\000p\000o\000r\000\040\000C\000o\000m\000p\000u\000t\000a\000d\000o\000r\000a}{chapter.2}% 23
\BOOKMARK [2][-]{subsection.2.3.1}{\376\377\000E\000v\000o\000l\000u\000c\000i\000\363\000n\000\040\000h\000i\000s\000t\000\363\000r\000i\000c\000a}{section.2.3}% 24
\BOOKMARK [2][-]{subsection.2.3.2}{\376\377\000C\000o\000n\000c\000e\000p\000t\000o}{section.2.3}% 25
\BOOKMARK [2][-]{subsection.2.3.3}{\376\377\000F\000a\000s\000e\000s\000\040\000d\000e\000\040\000u\000n\000\040\000S\000i\000s\000t\000e\000m\000a\000\040\000d\000e\000\040\000V\000i\000s\000i\000\363\000n\000\040\000p\000o\000r\000\040\000C\000o\000m\000p\000u\000t\000a\000d\000o\000r\000a}{section.2.3}% 26
\BOOKMARK [1][-]{section.2.4}{\376\377\000R\000a\000d\000i\000o\000g\000r\000a\000f\000\355\000a\000s}{chapter.2}% 27
\BOOKMARK [1][-]{section.2.5}{\376\377\000F\000r\000a\000c\000t\000u\000r\000a\000s\000\040\000\363\000s\000e\000a\000s}{chapter.2}% 28
\BOOKMARK [1][-]{section.2.6}{\376\377\000D\000i\000a\000g\000n\000\363\000s\000t\000i\000c\000o\000\040\000p\000o\000r\000\040\000i\000m\000\341\000g\000e\000n\000e\000s\000\040\000e\000n\000\040\000v\000e\000t\000e\000r\000i\000n\000a\000r\000i\000a}{chapter.2}% 29
\BOOKMARK [1][-]{section.2.7}{\376\377\000A\000n\000a\000t\000o\000m\000\355\000a\000\040\000\323\000s\000e\000a\000\040\000C\000a\000n\000i\000n\000a}{chapter.2}% 30
\BOOKMARK [2][-]{subsection.2.7.1}{\376\377\000H\000\372\000m\000e\000r\000o}{section.2.7}% 31
\BOOKMARK [2][-]{subsection.2.7.2}{\376\377\000R\000a\000d\000i\000o\000\040\000y\000\040\000C\000\372\000b\000i\000t\000o}{section.2.7}% 32
\BOOKMARK [2][-]{subsection.2.7.3}{\376\377\000F\000\351\000m\000u\000r}{section.2.7}% 33
\BOOKMARK [2][-]{subsection.2.7.4}{\376\377\000T\000i\000b\000i\000a\000\040\000y\000\040\000P\000e\000r\000o\000n\000\351}{section.2.7}% 34
\BOOKMARK [1][-]{section.2.8}{\376\377\000C\000l\000a\000s\000i\000f\000i\000c\000a\000c\000i\000\363\000n\000\040\000d\000e\000\040\000F\000r\000a\000c\000t\000u\000r\000a\000s}{chapter.2}% 35
\BOOKMARK [2][-]{subsection.2.8.1}{\376\377\000S\000i\000n\000\040\000D\000e\000s\000p\000l\000a\000z\000a\000m\000i\000e\000n\000t\000o}{section.2.8}% 36
\BOOKMARK [2][-]{subsection.2.8.2}{\376\377\000D\000e\000s\000p\000l\000a\000z\000a\000d\000a}{section.2.8}% 37
\BOOKMARK [2][-]{subsection.2.8.3}{\376\377\000D\000e\000s\000p\000l\000a\000z\000a\000d\000a\000\040\000s\000i\000n\000\040\000P\000u\000n\000t\000a}{section.2.8}% 38
\BOOKMARK [2][-]{subsection.2.8.4}{\376\377\000D\000e\000s\000p\000l\000a\000z\000a\000d\000a\000\040\000c\000o\000n\000\040\000P\000u\000n\000t\000a}{section.2.8}% 39
\BOOKMARK [2][-]{subsection.2.8.5}{\376\377\000D\000e\000s\000p\000l\000a\000z\000a\000d\000a\000\040\000c\000o\000n\000\040\000F\000r\000a\000g\000m\000e\000n\000t\000o}{section.2.8}% 40
\BOOKMARK [1][-]{section.2.9}{\376\377\000L\000o\000c\000a\000l\000i\000z\000a\000c\000i\000\363\000n\000\040\000A\000n\000a\000t\000\363\000m\000i\000c\000a}{chapter.2}% 41
\BOOKMARK [2][-]{subsection.2.9.1}{\376\377\000T\000e\000r\000c\000i\000o\000\040\000P\000r\000o\000x\000i\000m\000a\000l}{section.2.9}% 42
\BOOKMARK [2][-]{subsection.2.9.2}{\376\377\000T\000e\000r\000c\000i\000o\000\040\000M\000e\000d\000i\000o}{section.2.9}% 43
\BOOKMARK [2][-]{subsection.2.9.3}{\376\377\000T\000e\000r\000c\000i\000o\000\040\000D\000i\000s\000t\000a\000l}{section.2.9}% 44
\BOOKMARK [1][-]{section.2.10}{\376\377\000A\000p\000l\000i\000c\000a\000c\000i\000\363\000n\000\040\000w\000e\000b}{chapter.2}% 45
\BOOKMARK [1][-]{section.2.11}{\376\377\000H\000e\000r\000r\000a\000m\000i\000e\000n\000t\000a\000s\000\040\000u\000t\000i\000l\000i\000z\000a\000d\000a\000s}{chapter.2}% 46
\BOOKMARK [1][-]{section.2.12}{\376\377\000A\000n\000t\000e\000c\000e\000d\000e\000n\000t\000e\000s}{chapter.2}% 47
\BOOKMARK [2][-]{subsection.2.12.1}{\376\377\000D\000e\000t\000e\000c\000c\000i\000\363\000n\000\040\000d\000e\000\040\000f\000r\000a\000c\000t\000u\000r\000a\000s\000\040\000e\000n\000\040\000r\000a\000d\000i\000o\000g\000r\000a\000f\000\355\000a\000s\000\040\000d\000e\000\040\000c\000a\000d\000e\000r\000a\000\040\000m\000e\000d\000i\000a\000n\000t\000e\000\040\000e\000l\000\040\000u\000s\000o\000\040\000d\000e\000\040\000i\000n\000t\000e\000l\000i\000g\000e\000n\000c\000i\000a\000\040\000a\000r\000t\000i\000f\000i\000c\000i\000a\000l\000\040\000\050\000A\000\361\000o\000\040\0002\0000\0002\0004\000\051}{section.2.12}% 48
\BOOKMARK [2][-]{subsection.2.12.2}{\376\377\000D\000e\000t\000e\000c\000t\000i\000o\000n\000\040\000o\000f\000\040\000H\000a\000n\000d\000\040\000B\000o\000n\000e\000\040\000F\000r\000a\000c\000t\000u\000r\000e\000s\000\040\000i\000n\000\040\000X\000-\000r\000a\000y\000\040\000I\000m\000a\000g\000e\000s\000\040\000u\000s\000i\000n\000g\000\040\000H\000y\000b\000r\000i\000d\000\040\000Y\000O\000L\000O\000\040\000N\000A\000S\000\040\000\050\000A\000\361\000o\000\040\0002\0000\0002\0004\000\051}{section.2.12}% 49
\BOOKMARK [2][-]{subsection.2.12.3}{\376\377\000D\000W\000-\000Y\000O\000L\000O\000:\000\040\000I\000m\000p\000r\000o\000v\000e\000d\000\040\000Y\000O\000L\000O\000\040\000f\000o\000r\000\040\000B\000o\000n\000e\000\040\000F\000r\000a\000c\000t\000u\000r\000e\000\040\000D\000e\000t\000e\000c\000t\000i\000o\000n\000\040\000\050\000A\000\361\000o\000\040\0002\0000\0002\0004\000\051}{section.2.12}% 50
\BOOKMARK [2][-]{subsection.2.12.4}{\376\377\000I\000n\000t\000e\000l\000i\000g\000e\000n\000c\000i\000a\000\040\000A\000r\000t\000i\000f\000i\000c\000i\000a\000l\000\040\000e\000n\000\040\000R\000a\000d\000i\000o\000l\000o\000g\000\355\000a\000\040\000\050\000A\000\361\000o\000\040\0002\0000\0002\0001\000\051}{section.2.12}% 51
\BOOKMARK [2][-]{subsection.2.12.5}{\376\377\000I\000m\000p\000l\000e\000m\000e\000n\000t\000a\000t\000i\000o\000n\000\040\000o\000f\000\040\000P\000e\000r\000s\000o\000n\000a\000l\000\040\000P\000r\000o\000t\000e\000c\000t\000i\000v\000e\000\040\000E\000q\000u\000i\000p\000m\000e\000n\000t\000\040\000D\000e\000t\000e\000c\000t\000i\000o\000n\000\040\000U\000s\000i\000n\000g\000\040\000D\000j\000a\000n\000g\000o\000\040\000a\000n\000d\000\040\000Y\000o\000l\000o\000\040\000W\000e\000b\000\040\000a\000t\000\040\000P\000a\000i\000t\000o\000n\000\040\000S\000t\000e\000a\000m\000\040\000P\000o\000w\000e\000r\000\040\000P\000l\000a\000n\000t\000\040\000\050\000P\000L\000T\000U\000\051\000\040\000\050\000A\000\361\000o\000\040\0002\0000\0002\0003\000\051}{section.2.12}% 52
\BOOKMARK [0][-]{chapter.3}{\376\377\000T\000e\000c\000n\000o\000l\000o\000g\000\355\000a\000s\000\040\000u\000t\000i\000l\000i\000z\000a\000d\000a\000s}{}% 53
\BOOKMARK [1][-]{section.3.1}{\376\377\000C\000o\000m\000p\000o\000n\000e\000n\000t\000e\000s\000\040\000d\000e\000\040\000H\000a\000r\000d\000w\000a\000r\000e}{chapter.3}% 54
\BOOKMARK [2][-]{subsection.3.1.1}{\376\377\000T\000a\000r\000j\000e\000t\000a\000\040\000N\000V\000I\000D\000I\000A\000\256\000\040\000G\000e\000F\000o\000r\000c\000e\000\040\000R\000T\000X\041\042\000\040\0005\0000\0009\0000}{section.3.1}% 55
\BOOKMARK [1][-]{section.3.2}{\376\377\000C\000o\000m\000p\000o\000n\000e\000n\000t\000e\000s\000\040\000d\000e\000\040\000S\000o\000f\000t\000w\000a\000r\000e}{chapter.3}% 56
\BOOKMARK [2][-]{subsection.3.2.1}{\376\377\000A\000l\000g\000o\000r\000i\000t\000m\000o\000s\000\040\000d\000e\000\040\000E\000n\000t\000r\000e\000n\000a\000m\000i\000e\000n\000t\000o}{section.3.2}% 57
\BOOKMARK [2][-]{subsection.3.2.2}{\376\377\000P\000l\000a\000t\000a\000f\000o\000r\000m\000a\000\040\000R\000o\000b\000o\000f\000l\000o\000w}{section.3.2}% 58
\BOOKMARK [0][-]{chapter.4}{\376\377\000M\000\351\000t\000o\000d\000o}{}% 59
\BOOKMARK [1][-]{section.4.1}{\376\377\000D\000e\000f\000i\000n\000i\000c\000i\000\363\000n\000\040\000d\000e\000\040\000a\000r\000q\000u\000i\000t\000e\000c\000t\000u\000r\000a}{chapter.4}% 60
\BOOKMARK [2][-]{subsection.4.1.1}{\376\377\000R\000e\000q\000u\000i\000s\000i\000t\000o\000s\000\040\000c\000l\000a\000v\000e}{section.4.1}% 61
\BOOKMARK [2][-]{subsection.4.1.2}{\376\377\000E\000s\000t\000r\000u\000c\000t\000u\000r\000a\000\040\000i\000n\000t\000e\000r\000n\000a\000\040\000d\000e\000l\000\040\000p\000r\000o\000t\000o\000t\000i\000p\000o}{section.4.1}% 62
\BOOKMARK [2][-]{subsection.4.1.3}{\376\377\000A\000r\000q\000u\000i\000t\000e\000c\000t\000u\000r\000a\000\040\000d\000e\000\040\000c\000o\000m\000u\000n\000i\000c\000a\000c\000i\000\363\000n\000\040\000e\000x\000t\000e\000r\000n\000a}{section.4.1}% 63
\BOOKMARK [1][-]{section.4.2}{\376\377\000M\000\363\000d\000u\000l\000o\000\040\000d\000e\000\040\000a\000u\000t\000e\000n\000t\000i\000c\000a\000c\000i\000\363\000n\000\040\000y\000\040\000c\000o\000n\000t\000r\000o\000l}{chapter.4}% 64
\BOOKMARK [2][-]{subsection.4.2.1}{\376\377\000R\000e\000q\000u\000i\000s\000i\000t\000o\000s\000\040\000d\000e\000l\000\040\000s\000i\000s\000t\000e\000m\000a}{section.4.2}% 65
\BOOKMARK [2][-]{subsection.4.2.2}{\376\377\000C\000o\000n\000e\000x\000i\000\363\000n\000\040\000d\000e\000l\000\040\000m\000\363\000d\000u\000l\000o\000\040\000R\000F\000I\000D}{section.4.2}% 66
\BOOKMARK [2][-]{subsection.4.2.3}{\376\377\000P\000r\000i\000m\000e\000r\000a\000\040\000v\000e\000r\000s\000i\000\363\000n\000\040\000d\000e\000l\000\040\000c\000\363\000d\000i\000g\000o\000:\000\040\000i\000m\000p\000l\000e\000m\000e\000n\000t\000a\000c\000i\000\363\000n\000\040\000b\000\341\000s\000i\000c\000a\000\040\000e\000n\000\040\000e\000l\000\040\000b\000u\000c\000l\000e\000\040\000p\000r\000i\000n\000c\000i\000p\000a\000l}{section.4.2}% 67
\BOOKMARK [2][-]{subsection.4.2.4}{\376\377\000S\000e\000g\000u\000n\000d\000a\000\040\000v\000e\000r\000s\000i\000\363\000n\000\040\000d\000e\000l\000\040\000c\000\363\000d\000i\000g\000o\000:\000\040\000i\000n\000t\000e\000g\000r\000a\000c\000i\000\363\000n\000\040\000d\000e\000\040\000F\000r\000e\000e\000R\000T\000O\000S\000\040\000y\000\040\000m\000o\000d\000u\000l\000a\000r\000i\000z\000a\000c\000i\000\363\000n}{section.4.2}% 68
\BOOKMARK [1][-]{section.4.3}{\376\377\000M\000\363\000d\000u\000l\000o\000\040\000d\000e\000\040\000c\000a\000p\000t\000u\000r\000a\000\040\000y\000\040\000t\000r\000a\000n\000s\000m\000i\000s\000i\000\363\000n\000\040\000d\000e\000\040\000d\000a\000t\000o\000s}{chapter.4}% 69
\BOOKMARK [2][-]{subsection.4.3.1}{\376\377\000I\000m\000p\000l\000e\000m\000e\000n\000t\000a\000c\000i\000\363\000n\000\040\000b\000\341\000s\000i\000c\000a\000\040\000p\000a\000r\000a\000\040\000o\000b\000t\000e\000n\000c\000i\000\363\000n\000\040\000d\000e\000\040\000d\000a\000t\000o\000s\000\040\000d\000e\000\040\000l\000a\000s\000\040\000c\000o\000o\000r\000d\000e\000n\000a\000d\000a\000s\000\040\000e\000n\000\040\000t\000i\000e\000m\000p\000o\000\040\000r\000e\000a\000l}{section.4.3}% 70
\BOOKMARK [2][-]{subsection.4.3.2}{\376\377\000I\000m\000p\000l\000e\000m\000e\000n\000t\000a\000c\000i\000\363\000n\000\040\000y\000\040\000c\000o\000n\000f\000i\000g\000u\000r\000a\000c\000i\000\363\000n\000\040\000d\000e\000l\000\040\000m\000\363\000d\000u\000l\000o\000\040\000l\000o\000r\000a\000w\000\040\000p\000a\000r\000a\000\040\000l\000a\000\040\000t\000r\000a\000n\000s\000m\000i\000s\000i\000\363\000n\000\040\000d\000e\000\040\000d\000a\000t\000o\000s}{section.4.3}% 71
\BOOKMARK [2][-]{subsection.4.3.3}{\376\377\000I\000m\000p\000l\000e\000m\000e\000n\000t\000a\000c\000i\000\363\000n\000\040\000d\000e\000\040\000l\000a\000\040\000c\000o\000m\000u\000n\000i\000c\000a\000c\000i\000\363\000n\000\040\000e\000n\000t\000r\000e\000\040\000l\000o\000s\000\040\000m\000\363\000d\000u\000l\000o\000s\000g\000n\000s\000s\000-\000a\000c\000r\000o\000n\000y\000m\000\040\000y\000\040\000l\000o\000r\000a\000w}{section.4.3}% 72
\BOOKMARK [1][-]{section.4.4}{\376\377\000M\000\363\000d\000u\000l\000o\000\040\000d\000e\000\040\000i\000n\000t\000e\000r\000f\000a\000z\000\040\000g\000r\000\341\000f\000i\000c\000a\000\040\000y\000\040\000m\000o\000n\000i\000t\000o\000r\000e\000o}{chapter.4}% 73
\BOOKMARK [2][-]{subsection.4.4.1}{\376\377\000C\000o\000n\000f\000i\000g\000u\000r\000a\000c\000i\000\363\000n\000\040\000d\000e\000\040\000T\000h\000i\000n\000g\000s\000B\000o\000a\000r\000d}{section.4.4}% 74
\BOOKMARK [2][-]{subsection.4.4.2}{\376\377\000I\000n\000t\000e\000g\000r\000a\000c\000i\000\363\000n\000\040\000d\000e\000\040\000T\000h\000i\000n\000g\000s\000B\000o\000a\000r\000d\000\040\000c\000o\000n\000\040\000H\000e\000l\000i\000u\000m}{section.4.4}% 75
\BOOKMARK [1][-]{section.4.5}{\376\377\000I\000n\000t\000e\000g\000r\000a\000c\000i\000\363\000n\000\040\000d\000e\000\040\000c\000o\000m\000p\000o\000n\000e\000n\000t\000e\000s\000\040\000y\000\040\000e\000n\000c\000a\000p\000s\000u\000l\000a\000m\000i\000e\000n\000t\000o}{chapter.4}% 76
\BOOKMARK [2][-]{subsection.4.5.1}{\376\377\000I\000m\000p\000l\000e\000m\000e\000n\000t\000a\000c\000i\000\363\000n\000\040\000B\000\341\000s\000i\000c\000a\000\040\000c\000o\000n\000\040\000I\000n\000t\000e\000g\000r\000a\000c\000i\000\363\000n\000\040\000I\000n\000i\000c\000i\000a\000l\000\040\000d\000e\000\040\000l\000o\000s\000\040\000M\000\363\000d\000u\000l\000o\000s\000\040\000r\000f\000i\000d\000-\000a\000c\000r\000o\000n\000y\000m\000\040\000y\000\040\000l\000o\000r\000a\000w}{section.4.5}% 77
\BOOKMARK [2][-]{subsection.4.5.2}{\376\377\000I\000m\000p\000l\000e\000m\000e\000n\000t\000a\000c\000i\000\363\000n\000\040\000a\000l\000t\000e\000r\000n\000a\000t\000i\000v\000a\000\040\000c\000o\000n\000\040\000l\000a\000\040\000I\000n\000t\000e\000g\000r\000a\000c\000i\000\363\000n\000\040\000a\000j\000u\000s\000t\000a\000d\000a\000\040\000e\000n\000t\000r\000e\000\040\000l\000o\000s\000\040\000M\000\363\000d\000u\000l\000o\000s\000.}{section.4.5}% 78
\BOOKMARK [2][-]{subsection.4.5.3}{\376\377\000\040\000I\000n\000c\000o\000r\000p\000o\000r\000a\000c\000i\000\363\000n\000\040\000d\000e\000\040\000C\000o\000r\000t\000e\000\040\000d\000e\000\040\000E\000n\000e\000r\000g\000\355\000a\000\040\000y\000\040\000d\000e\000\040\000A\000r\000r\000a\000n\000q\000u\000e}{section.4.5}% 79
\BOOKMARK [2][-]{subsection.4.5.4}{\376\377\000\040\000M\000o\000d\000e\000l\000a\000d\000o\000\040\000y\000\040\000D\000i\000s\000e\000\361\000o\000\040\000d\000e\000\040\000E\000n\000c\000a\000p\000s\000u\000l\000a\000d\000o\000\040\0003\000D\000.}{section.4.5}% 80
\BOOKMARK [0][-]{chapter.5}{\376\377\000P\000r\000u\000e\000b\000a\000s\000\040\000y\000\040\000r\000e\000s\000u\000l\000t\000a\000d\000o\000s}{}% 81
\BOOKMARK [1][-]{section.5.1}{\376\377\000E\000n\000t\000o\000r\000n\000o\000\040\000d\000e\000\040\000p\000r\000u\000e\000b\000a\000s}{chapter.5}% 82
\BOOKMARK [1][-]{section.5.2}{\376\377\000P\000r\000u\000e\000b\000a\000s\000\040\000d\000e\000\040\000l\000o\000s\000\040\000m\000o\000d\000e\000l\000o\000s\000\040\000i\000n\000d\000i\000v\000i\000d\000u\000a\000l\000e\000s}{chapter.5}% 83
\BOOKMARK [2][-]{subsection.5.2.1}{\376\377\000C\000o\000n\000f\000i\000g\000u\000r\000a\000c\000i\000\363\000n\000\040\000e\000x\000p\000e\000r\000i\000m\000e\000n\000t\000a\000l\000\040\000u\000n\000i\000f\000o\000r\000m\000e}{section.5.2}% 84
\BOOKMARK [2][-]{subsection.5.2.2}{\376\377\000E\000v\000a\000l\000u\000a\000c\000i\000\363\000n\000\040\000d\000e\000\040\000R\000e\000s\000N\000e\000t\0005\0000}{section.5.2}% 85
\BOOKMARK [2][-]{subsection.5.2.3}{\376\377\000E\000v\000a\000l\000u\000a\000c\000i\000\363\000n\000\040\000d\000e\000\040\000E\000f\000f\000i\000c\000i\000e\000n\000t\000N\000e\000t\000B\0003}{section.5.2}% 86
\BOOKMARK [2][-]{subsection.5.2.4}{\376\377\000E\000v\000a\000l\000u\000a\000c\000i\000\363\000n\000\040\000d\000e\000\040\000V\000i\000s\000i\000o\000n\000\040\000T\000r\000a\000n\000s\000f\000o\000r\000m\000e\000r\000\040\000\050\000V\000i\000T\000\051}{section.5.2}% 87
